0 verbose cli /usr/local/bin/node /usr/local/bin/npm
1 info using npm@10.5.0
2 info using node@v20.12.2
3 timing npm:load:whichnode Completed in 12ms
4 timing config:load:defaults Completed in 2ms
5 timing config:load:file:/usr/local/lib/node_modules/npm/npmrc Completed in 2ms
6 timing config:load:builtin Completed in 2ms
7 timing config:load:cli Completed in 1ms
8 timing config:load:env Completed in 0ms
9 timing config:load:project Completed in 1ms
10 timing config:load:file:/root/.npmrc Completed in 3ms
11 timing config:load:user Completed in 3ms
12 timing config:load:file:/usr/local/etc/npmrc Completed in 0ms
13 timing config:load:global Completed in 0ms
14 timing config:load:setEnvs Completed in 1ms
15 timing config:load Completed in 10ms
16 timing npm:load:configload Completed in 10ms
17 timing config:load:flatten Completed in 1ms
18 timing npm:load:mkdirpcache Completed in 0ms
19 timing npm:load:mkdirplogs Completed in 1ms
20 verbose title npm install
21 verbose argv "install"
22 timing npm:load:setTitle Completed in 1ms
23 timing npm:load:display Completed in 0ms
24 verbose logfile logs-max:10 dir:/root/.npm/_logs/2024-12-24T18_20_32_916Z-
25 verbose logfile /root/.npm/_logs/2024-12-24T18_20_32_916Z-debug-0.log
26 timing npm:load:logFile Completed in 5ms
27 timing npm:load:timers Completed in 0ms
28 timing npm:load:configScope Completed in 0ms
29 timing npm:load Completed in 37ms
30 timing arborist:ctor Completed in 0ms
31 silly logfile done cleaning log files
32 timing idealTree:init Completed in 233ms
33 timing idealTree:userRequests Completed in 0ms
34 silly idealTree buildDeps
35 timing idealTree:#root Completed in 1ms
36 timing idealTree:buildDeps Completed in 2ms
37 timing idealTree:fixDepFlags Completed in 0ms
38 timing idealTree Completed in 242ms
39 verbose shrinkwrap failed to load node_modules/.package-lock.json out of date, updated: node_modules
40 timing reify:loadTrees Completed in 952ms
41 timing reify:diffTrees Completed in 39ms
42 silly reify mark retired [ '/root/node_modules/@vscode/node-addon-api' ]
43 silly reify moves {
43 silly reify   '/root/node_modules/@vscode/node-addon-api': '/root/node_modules/@vscode/.node-addon-api-fWg3KFkB'
43 silly reify }
44 timing reify:retireShallow Completed in 4ms
45 timing reify:createSparse Completed in 1ms
46 timing reify:loadBundles Completed in 0ms
47 silly audit bulk request {
47 silly audit   '@aashutoshrathi/word-wrap': [ '1.2.6' ],
47 silly audit   '@ampproject/remapping': [ '2.3.0' ],
47 silly audit   '@babel/code-frame': [ '7.24.2' ],
47 silly audit   '@babel/compat-data': [ '7.24.4' ],
47 silly audit   '@babel/core': [ '7.24.4' ],
47 silly audit   semver: [ '6.3.1', '7.6.0' ],
47 silly audit   '@babel/generator': [ '7.24.4' ],
47 silly audit   '@babel/helper-compilation-targets': [ '7.23.6' ],
47 silly audit   '@babel/helper-environment-visitor': [ '7.22.20' ],
47 silly audit   '@babel/helper-function-name': [ '7.23.0' ],
47 silly audit   '@babel/helper-hoist-variables': [ '7.22.5' ],
47 silly audit   '@babel/helper-module-imports': [ '7.24.3' ],
47 silly audit   '@babel/helper-module-transforms': [ '7.23.3' ],
47 silly audit   '@babel/helper-plugin-utils': [ '7.24.0' ],
47 silly audit   '@babel/helper-simple-access': [ '7.22.5' ],
47 silly audit   '@babel/helper-split-export-declaration': [ '7.22.6' ],
47 silly audit   '@babel/helper-string-parser': [ '7.24.1' ],
47 silly audit   '@babel/helper-validator-identifier': [ '7.22.20' ],
47 silly audit   '@babel/helper-validator-option': [ '7.23.5' ],
47 silly audit   '@babel/helpers': [ '7.24.4' ],
47 silly audit   '@babel/highlight': [ '7.24.2' ],
47 silly audit   'ansi-styles': [ '3.2.1', '4.3.0', '5.2.0', '6.1.0' ],
47 silly audit   chalk: [ '2.4.2', '5.0.1', '4.1.2', '5.3.0' ],
47 silly audit   'color-convert': [ '1.9.3', '2.0.1' ],
47 silly audit   'color-name': [ '1.1.3', '1.1.4' ],
47 silly audit   'has-flag': [ '3.0.0', '4.0.0' ],
47 silly audit   'supports-color': [ '5.5.0', '8.1.1', '7.2.0' ],
47 silly audit   '@babel/parser': [ '7.24.4' ],
47 silly audit   '@babel/plugin-syntax-async-generators': [ '7.8.4' ],
47 silly audit   '@babel/plugin-syntax-bigint': [ '7.8.3' ],
47 silly audit   '@babel/plugin-syntax-class-properties': [ '7.12.13' ],
47 silly audit   '@babel/plugin-syntax-import-meta': [ '7.10.4' ],
47 silly audit   '@babel/plugin-syntax-json-strings': [ '7.8.3' ],
47 silly audit   '@babel/plugin-syntax-jsx': [ '7.24.1' ],
47 silly audit   '@babel/plugin-syntax-logical-assignment-operators': [ '7.10.4' ],
47 silly audit   '@babel/plugin-syntax-nullish-coalescing-operator': [ '7.8.3' ],
47 silly audit   '@babel/plugin-syntax-numeric-separator': [ '7.10.4' ],
47 silly audit   '@babel/plugin-syntax-object-rest-spread': [ '7.8.3' ],
47 silly audit   '@babel/plugin-syntax-optional-catch-binding': [ '7.8.3' ],
47 silly audit   '@babel/plugin-syntax-optional-chaining': [ '7.8.3' ],
47 silly audit   '@babel/plugin-syntax-top-level-await': [ '7.14.5' ],
47 silly audit   '@babel/plugin-syntax-typescript': [ '7.24.1' ],
47 silly audit   '@babel/runtime': [ '7.24.4' ],
47 silly audit   '@babel/template': [ '7.24.0' ],
47 silly audit   '@babel/traverse': [ '7.24.1' ],
47 silly audit   globals: [ '11.12.0', '14.0.0', '13.24.0', '15.0.0' ],
47 silly audit   '@babel/types': [ '7.24.0' ],
47 silly audit   '@bcoe/v8-coverage': [ '0.2.3' ],
47 silly audit   '@colors/colors': [ '1.5.0' ],
47 silly audit   '@discoveryjs/json-ext': [ '0.5.7' ],
47 silly audit   '@eslint-community/eslint-utils': [ '4.4.0' ],
47 silly audit   '@eslint-community/regexpp': [ '4.10.0' ],
47 silly audit   '@eslint/eslintrc': [ '3.0.2', '2.1.4' ],
47 silly audit   '@eslint/js': [ '9.1.1', '8.57.0' ],
47 silly audit   '@fastify/accept-negotiator': [ '1.0.0' ],
47 silly audit   '@fastify/ajv-compiler': [ '3.5.0' ],
47 silly audit   ajv: [ '8.12.0', '6.12.6', '8.11.0' ],
47 silly audit   'json-schema-traverse': [ '1.0.0', '0.4.1' ],
47 silly audit   '@fastify/cookie': [ '9.3.1' ],
47 silly audit   'fastify-plugin': [ '4.5.1', '4.2.0', '2.3.4', '3.0.1' ],
47 silly audit   '@fastify/deepmerge': [ '1.3.0' ],
47 silly audit   '@fastify/error': [ '3.4.1' ],
47 silly audit   '@fastify/fast-json-stringify-compiler': [ '4.3.0' ],
47 silly audit   '@fastify/flash': [ '5.1.0' ],
47 silly audit   '@fastify/formbody': [ '7.4.0' ],
47 silly audit   '@fastify/merge-json-schemas': [ '0.1.1' ],
47 silly audit   '@fastify/secure-session': [ '7.5.1' ],
47 silly audit   '@fastify/send': [ '2.1.0' ],
47 silly audit   '@fastify/sensible': [ '5.5.0' ],
47 silly audit   '@fastify/static': [ '7.0.3' ],
47 silly audit   '@fastify/view': [ '9.0.0' ],
47 silly audit   '@gar/promisify': [ '1.1.3' ],
47 silly audit   '@humanwhocodes/config-array': [ '0.11.14' ],
47 silly audit   '@humanwhocodes/module-importer': [ '1.0.1' ],
47 silly audit   '@humanwhocodes/object-schema': [ '2.0.3' ],
47 silly audit   '@isaacs/cliui': [ '8.0.2' ],
47 silly audit   'ansi-regex': [ '6.0.1', '5.0.1' ],
47 silly audit   'emoji-regex': [ '9.2.2', '8.0.0' ],
47 silly audit   'string-width': [ '5.1.2', '4.2.3' ],
47 silly audit   'strip-ansi': [ '7.1.0', '7.0.1', '6.0.1' ],
47 silly audit   '@istanbuljs/load-nyc-config': [ '1.1.0' ],
47 silly audit   argparse: [ '1.0.10', '2.0.1' ],
47 silly audit   'find-up': [ '4.1.0', '5.0.0', '3.0.0' ],
47 silly audit   'js-yaml': [ '3.14.1', '4.1.0' ],
47 silly audit   'locate-path': [ '5.0.0', '6.0.0', '3.0.0' ],
47 silly audit   'p-limit': [ '2.3.0', '3.1.0' ],
47 silly audit   'p-locate': [ '4.1.0', '5.0.0', '3.0.0' ],
47 silly audit   '@istanbuljs/schema': [ '0.1.3' ],
47 silly audit   '@jest/console': [ '29.7.0' ],
47 silly audit   '@jest/core': [ '29.7.0' ],
47 silly audit   '@jest/environment': [ '29.7.0' ],
47 silly audit   '@jest/expect': [ '29.7.0' ],
47 silly audit   '@jest/expect-utils': [ '29.7.0' ],
47 silly audit   '@jest/fake-timers': [ '29.7.0' ],
47 silly audit   '@jest/globals': [ '29.7.0' ],
47 silly audit   '@jest/reporters': [ '29.7.0' ],
47 silly audit   glob: [ '7.2.3', '10.3.12', '8.1.0' ],
47 silly audit   '@jest/schemas': [ '29.6.3' ],
47 silly audit   '@jest/source-map': [ '29.6.3' ],
47 silly audit   '@jest/test-result': [ '29.7.0' ],
47 silly audit   '@jest/test-sequencer': [ '29.7.0' ],
47 silly audit   '@jest/transform': [ '29.7.0' ],
47 silly audit   '@jest/types': [ '29.6.3' ],
47 silly audit   '@jridgewell/gen-mapping': [ '0.3.5' ],
47 silly audit   '@jridgewell/resolve-uri': [ '3.1.2' ],
47 silly audit   '@jridgewell/set-array': [ '1.2.1' ],
47 silly audit   '@jridgewell/source-map': [ '0.3.6' ],
47 silly audit   '@jridgewell/sourcemap-codec': [ '1.4.15' ],
47 silly audit   '@jridgewell/trace-mapping': [ '0.3.25' ],
47 silly audit   '@lukeed/ms': [ '2.0.2' ],
47 silly audit   '@nodelib/fs.scandir': [ '2.1.5' ],
47 silly audit   '@nodelib/fs.stat': [ '2.0.5' ],
47 silly audit   '@nodelib/fs.walk': [ '1.2.8' ],
47 silly audit   '@npmcli/fs': [ '3.1.0', '2.1.2', '1.1.1' ],
47 silly audit   '@npmcli/git': [ '4.1.0' ],
47 silly audit   'lru-cache': [ '7.18.3', '5.1.1', '10.2.0', '6.0.0' ],
47 silly audit   which: [ '3.0.1', '2.0.2' ],
47 silly audit   '@npmcli/installed-package-contents': [ '2.0.2' ],
47 silly audit   '@npmcli/move-file': [ '2.0.1', '1.1.2' ],
47 silly audit   '@npmcli/node-gyp': [ '3.0.0' ],
47 silly audit   '@npmcli/promise-spawn': [ '6.0.2' ],
47 silly audit   '@npmcli/run-script': [ '6.0.2' ],
47 silly audit   '@one-ini/wasm': [ '0.1.1' ],
47 silly audit   '@pkgjs/parseargs': [ '0.11.0' ],
47 silly audit   '@pnpm/network.ca-file': [ '1.0.1' ],
47 silly audit   '@pnpm/npm-conf': [ '1.0.5' ],
47 silly audit   '@popperjs/core': [ '2.11.8' ],
47 silly audit   '@rails/ujs': [ '7.1.3-2' ],
47 silly audit   '@sigstore/bundle': [ '1.1.0' ],
47 silly audit   '@sigstore/protobuf-specs': [ '0.2.1' ],
47 silly audit   '@sigstore/sign': [ '1.0.0' ],
47 silly audit   '@sigstore/tuf': [ '1.0.3' ],
47 silly audit   '@sinclair/typebox': [ '0.27.8' ],
47 silly audit   '@sindresorhus/is': [ '5.3.0' ],
47 silly audit   '@sinonjs/commons': [ '3.0.1' ],
47 silly audit   '@sinonjs/fake-timers': [ '10.3.0' ],
47 silly audit   '@szmarczak/http-timer': [ '5.0.1' ],
47 silly audit   '@tootallnate/once': [ '2.0.0', '1.1.2' ],
47 silly audit   '@tufjs/canonical-json': [ '1.0.0' ],
47 silly audit   '@tufjs/models': [ '1.0.4' ],
47 silly audit   'brace-expansion': [ '2.0.1', '1.1.11' ],
47 silly audit   minimatch: [ '9.0.4', '9.0.1', '5.1.6', '3.1.2' ],
47 silly audit   '@types/babel__core': [ '7.20.5' ],
47 silly audit   '@types/babel__generator': [ '7.6.8' ],
47 silly audit   '@types/babel__template': [ '7.4.4' ],
47 silly audit   '@types/babel__traverse': [ '7.20.5' ],
47 silly audit   '@types/cacheable-request': [ '6.0.2' ],
47 silly audit   '@types/debug': [ '4.1.12' ],
47 silly audit   '@types/eslint': [ '8.4.6' ],
47 silly audit   '@types/eslint-scope': [ '3.7.4' ],
47 silly audit   '@types/estree': [ '1.0.5' ],
47 silly audit   '@types/graceful-fs': [ '4.1.9' ],
47 silly audit   '@types/http-cache-semantics': [ '4.0.1' ],
47 silly audit   '@types/istanbul-lib-coverage': [ '2.0.6' ],
47 silly audit   '@types/istanbul-lib-report': [ '3.0.3' ],
47 silly audit   '@types/istanbul-reports': [ '3.0.4' ],
47 silly audit   '@types/jest': [ '29.5.12' ],
47 silly audit   '@types/json-schema': [ '7.0.11' ],
47 silly audit   '@types/json5': [ '0.0.29' ],
47 silly audit   '@types/keyv': [ '3.1.4' ],
47 silly audit   '@types/ms': [ '0.7.34' ],
47 silly audit   '@types/node': [ '20.12.7' ],
47 silly audit   '@types/responselike': [ '1.0.0' ],
47 silly audit   '@types/semver-utils': [ '1.1.3' ],
47 silly audit   '@types/stack-trace': [ '0.0.29' ],
47 silly audit   '@types/stack-utils': [ '2.0.3' ],
47 silly audit   '@types/validator': [ '13.11.9' ],
47 silly audit   '@types/yargs': [ '17.0.32' ],
47 silly audit   '@types/yargs-parser': [ '21.0.3' ],
47 silly audit   '@ungap/structured-clone': [ '1.2.0' ],
47 silly audit   '@vscode/sqlite3': [ '5.1.2' ],
47 silly audit   '@webassemblyjs/ast': [ '1.12.1' ],
47 silly audit   '@webassemblyjs/floating-point-hex-parser': [ '1.11.6' ],
47 silly audit   '@webassemblyjs/helper-api-error': [ '1.11.6' ],
47 silly audit   '@webassemblyjs/helper-buffer': [ '1.12.1' ],
47 silly audit   '@webassemblyjs/helper-numbers': [ '1.11.6' ],
47 silly audit   '@webassemblyjs/helper-wasm-bytecode': [ '1.11.6' ],
47 silly audit   '@webassemblyjs/helper-wasm-section': [ '1.12.1' ],
47 silly audit   '@webassemblyjs/ieee754': [ '1.11.6' ],
47 silly audit   '@webassemblyjs/leb128': [ '1.11.6' ],
47 silly audit   '@webassemblyjs/utf8': [ '1.11.6' ],
47 silly audit   '@webassemblyjs/wasm-edit': [ '1.12.1' ],
47 silly audit   '@webassemblyjs/wasm-gen': [ '1.12.1' ],
47 silly audit   '@webassemblyjs/wasm-opt': [ '1.12.1' ],
47 silly audit   '@webassemblyjs/wasm-parser': [ '1.12.1' ],
47 silly audit   '@webassemblyjs/wast-printer': [ '1.12.1' ],
47 silly audit   '@webpack-cli/configtest': [ '2.1.1' ],
47 silly audit   '@webpack-cli/info': [ '2.0.2' ],
47 silly audit   '@webpack-cli/serve': [ '2.0.5' ],
47 silly audit   '@xtuc/ieee754': [ '1.2.0' ],
47 silly audit   '@xtuc/long': [ '4.2.2' ],
47 silly audit   abbrev: [ '1.1.1', '2.0.0' ],
47 silly audit   'abort-controller': [ '3.0.0' ],
47 silly audit   'abstract-logging': [ '2.0.1' ],
47 silly audit   acorn: [ '8.11.3', '7.4.1' ],
47 silly audit   'acorn-import-assertions': [ '1.9.0' ],
47 silly audit   'acorn-jsx': [ '5.3.2' ],
47 silly audit   'agent-base': [ '6.0.2' ],
47 silly audit   agentkeepalive: [ '4.2.1' ],
47 silly audit   depd: [ '1.1.2', '2.0.0' ],
47 silly audit   'aggregate-error': [ '3.1.0' ],
47 silly audit   'ajv-formats': [ '2.1.1', '3.0.1' ],
47 silly audit   'ajv-keywords': [ '3.5.2', '5.1.0' ],
47 silly audit   'ansi-align': [ '3.0.1' ],
47 silly audit   'ansi-escapes': [ '4.3.2' ],
47 silly audit   'type-fest': [ '0.21.3', '2.19.0', '1.4.0', '0.20.2' ],
47 silly audit   anymatch: [ '3.1.2' ],
47 silly audit   aproba: [ '2.0.0' ],
47 silly audit   archy: [ '1.0.0' ],
47 silly audit   'are-we-there-yet': [ '3.0.1' ],
47 silly audit   'array-buffer-byte-length': [ '1.0.1' ],
47 silly audit   'array-includes': [ '3.1.8' ],
47 silly audit   'array-union': [ '2.1.0' ],
47 silly audit   'array.prototype.findlastindex': [ '1.2.5' ],
47 silly audit   'array.prototype.flat': [ '1.3.2' ],
47 silly audit   'array.prototype.flatmap': [ '1.3.2' ],
47 silly audit   'arraybuffer.prototype.slice': [ '1.0.3' ],
47 silly audit   asap: [ '2.0.6' ],
47 silly audit   'assert-never': [ '1.2.1' ],
47 silly audit   'at-least-node': [ '1.0.0' ],
47 silly audit   'atomic-sleep': [ '1.0.0' ],
47 silly audit   'available-typed-arrays': [ '1.0.7' ],
47 silly audit   avvio: [ '8.3.0' ],
47 silly audit   'babel-jest': [ '29.7.0' ],
47 silly audit   'babel-plugin-istanbul': [ '6.1.1' ],
47 silly audit   'istanbul-lib-instrument': [ '5.2.1', '6.0.2' ],
47 silly audit   'babel-plugin-jest-hoist': [ '29.6.3' ],
47 silly audit   'babel-preset-current-node-syntax': [ '1.0.1' ],
47 silly audit   'babel-preset-jest': [ '29.6.3' ],
47 silly audit   'babel-walk': [ '3.0.0-canary-5' ],
47 silly audit   'balanced-match': [ '1.0.2' ],
47 silly audit   'base64-js': [ '1.5.1' ],
47 silly audit   'better-sqlite3': [ '8.7.0' ],
47 silly audit   'binary-extensions': [ '2.2.0' ],
47 silly audit   bindings: [ '1.5.0' ],
47 silly audit   bl: [ '4.1.0' ],
47 silly audit   bluebird: [ '3.7.2' ],
47 silly audit   bootstrap: [ '5.3.3' ],
47 silly audit   boxen: [ '7.0.0' ],
47 silly audit   camelcase: [ '7.0.0', '5.3.1', '6.3.0' ],
47 silly audit   braces: [ '3.0.2' ],
47 silly audit   browserslist: [ '4.23.0' ],
47 silly audit   bser: [ '2.1.1' ],
47 silly audit   buffer: [ '5.7.1', '6.0.3' ],
47 silly audit   'buffer-from': [ '1.1.2' ],
47 silly audit   builtins: [ '5.1.0' ],
47 silly audit   cacache: [ '17.1.4', '16.1.3', '15.3.0' ],
47 silly audit   'fs-minipass': [ '3.0.3', '2.1.0' ],
47 silly audit   minipass: [ '7.0.4', '5.0.0', '3.3.4' ],
47 silly audit   'unique-filename': [ '3.0.0', '2.0.1', '1.1.1' ],
47 silly audit   'unique-slug': [ '4.0.0', '3.0.0', '2.0.2' ],
47 silly audit   'cacheable-lookup': [ '6.1.0' ],
47 silly audit   'cacheable-request': [ '7.0.2' ],
47 silly audit   'get-stream': [ '5.2.0', '6.0.1' ],
47 silly audit   'lowercase-keys': [ '2.0.0', '3.0.0' ],
47 silly audit   'call-bind': [ '1.0.7' ],
47 silly audit   callsites: [ '3.1.0' ],
47 silly audit   'caniuse-lite': [ '1.0.30001612' ],
47 silly audit   'char-regex': [ '1.0.2' ],
47 silly audit   'character-parser': [ '2.2.0' ],
47 silly audit   chokidar: [ '3.5.3' ],
47 silly audit   'glob-parent': [ '5.1.2', '6.0.2' ],
47 silly audit   chownr: [ '2.0.0', '1.1.4' ],
47 silly audit   'chrome-trace-event': [ '1.0.3' ],
47 silly audit   'ci-info': [ '3.3.2' ],
47 silly audit   'cjs-module-lexer': [ '1.2.3' ],
47 silly audit   'clean-stack': [ '2.2.0' ],
47 silly audit   'cli-boxes': [ '3.0.0' ],
47 silly audit   'cli-color': [ '2.0.4' ],
47 silly audit   'cli-table3': [ '0.6.4' ],
47 silly audit   cliui: [ '8.0.1', '7.0.4' ],
47 silly audit   'wrap-ansi': [ '7.0.0', '8.1.0' ],
47 silly audit   'clone-deep': [ '4.0.1' ],
47 silly audit   'clone-response': [ '1.0.3' ],
47 silly audit   'close-with-grace': [ '1.1.0' ],
47 silly audit   co: [ '4.6.0' ],
47 silly audit   'collect-v8-coverage': [ '1.0.2' ],
47 silly audit   'color-support': [ '1.1.3' ],
47 silly audit   colorette: [ '2.0.19' ],
47 silly audit   commander: [ '10.0.1', '2.20.3' ],
47 silly audit   commist: [ '3.0.0' ],
47 silly audit   'concat-map': [ '0.0.1' ],
47 silly audit   concurrently: [ '8.2.2' ],
47 silly audit   'config-chain': [ '1.1.13' ],
47 silly audit   ini: [ '1.3.8', '2.0.0', '4.1.2' ],
47 silly audit   configstore: [ '6.0.0' ],
47 silly audit   'write-file-atomic': [ '3.0.3', '4.0.2' ],
47 silly audit   'confusing-browser-globals': [ '1.0.11' ],
47 silly audit   'console-control-strings': [ '1.1.0' ],
47 silly audit   constantinople: [ '4.0.1' ],
47 silly audit   'content-disposition': [ '0.5.4' ],
47 silly audit   'convert-source-map': [ '2.0.0' ],
47 silly audit   cookie: [ '0.6.0', '0.4.2' ],
47 silly audit   'cookie-signature': [ '1.2.1' ],
47 silly audit   'create-jest': [ '29.7.0' ],
47 silly audit   'cross-spawn': [ '7.0.3' ],
47 silly audit   'crypto-random-string': [ '4.0.0' ],
47 silly audit   'css-loader': [ '7.1.1' ],
47 silly audit   cssesc: [ '3.0.0' ],
47 silly audit   d: [ '1.0.2' ],
47 silly audit   'data-view-buffer': [ '1.0.1' ],
47 silly audit   'data-view-byte-length': [ '1.0.1' ],
47 silly audit   'data-view-byte-offset': [ '1.0.0' ],
47 silly audit   'date-fns': [ '2.30.0' ],
47 silly audit   dateformat: [ '4.6.3' ],
47 silly audit   'db-errors': [ '0.2.3' ],
47 silly audit   debug: [ '4.3.4', '3.2.7' ],
47 silly audit   ms: [ '2.1.2', '2.1.3' ],
47 silly audit   'decompress-response': [ '6.0.0' ],
47 silly audit   'mimic-response': [ '3.1.0', '1.0.1' ],
47 silly audit   dedent: [ '1.5.3' ],
47 silly audit   'deep-extend': [ '0.6.0' ],
47 silly audit   'deep-is': [ '0.1.4' ],
47 silly audit   deepmerge: [ '4.3.1' ],
47 silly audit   'defer-to-connect': [ '2.0.1' ],
47 silly audit   'define-data-property': [ '1.1.4' ],
47 silly audit   'define-properties': [ '1.2.1' ],
47 silly audit   delegates: [ '1.0.0' ],
47 silly audit   'detect-libc': [ '2.0.3' ],
47 silly audit   'detect-newline': [ '3.1.0' ],
47 silly audit   'diff-sequences': [ '29.6.3' ],
47 silly audit   'dir-glob': [ '3.0.1' ],
47 silly audit   doctrine: [ '3.0.0', '2.1.0' ],
47 silly audit   doctypes: [ '1.1.0' ],
47 silly audit   'dot-prop': [ '6.0.1' ],
47 silly audit   dotenv: [ '16.4.5' ],
47 silly audit   dottie: [ '2.0.6' ],
47 silly audit   eastasianwidth: [ '0.2.0' ],
47 silly audit   editorconfig: [ '1.0.4' ],
47 silly audit   'electron-to-chromium': [ '1.4.746' ],
47 silly audit   emittery: [ '0.13.1' ],
47 silly audit   encoding: [ '0.1.13' ],
47 silly audit   'end-of-stream': [ '1.4.4' ],
47 silly audit   'enhanced-resolve': [ '5.16.0' ],
47 silly audit   entities: [ '3.0.1' ],
47 silly audit   'env-paths': [ '2.2.1' ],
47 silly audit   envinfo: [ '7.12.0' ],
47 silly audit   'err-code': [ '2.0.3' ],
47 silly audit   'error-ex': [ '1.3.2' ],
47 silly audit   'es-abstract': [ '1.23.3' ],
47 silly audit   'es-define-property': [ '1.0.0' ],
47 silly audit   'es-errors': [ '1.3.0' ],
47 silly audit   'es-module-lexer': [ '1.5.0' ],
47 silly audit   'es-object-atoms': [ '1.0.0' ],
47 silly audit   'es-set-tostringtag': [ '2.0.3' ],
47 silly audit   'es-shim-unscopables': [ '1.0.2' ],
47 silly audit   'es-to-primitive': [ '1.2.1' ],
47 silly audit   'es5-ext': [ '0.10.64' ],
47 silly audit   'es6-iterator': [ '2.0.3' ],
47 silly audit   'es6-symbol': [ '3.1.4' ],
47 silly audit   'es6-weak-map': [ '2.0.3' ],
47 silly audit   escalade: [ '3.1.1' ],
47 silly audit   'escape-goat': [ '4.0.0' ],
47 silly audit   'escape-html': [ '1.0.3' ],
47 silly audit   'escape-string-regexp': [ '1.0.5', '4.0.0', '2.0.0' ],
47 silly audit   eslint: [ '8.57.0' ],
47 silly audit   'eslint-config-airbnb-base': [ '15.0.0' ],
47 silly audit   'eslint-import-resolver-node': [ '0.3.9' ],
47 silly audit   'eslint-module-utils': [ '2.8.1' ],
47 silly audit   'eslint-plugin-import': [ '2.29.1' ],
47 silly audit   'eslint-scope': [ '7.2.2', '5.1.1' ],
47 silly audit   'eslint-visitor-keys': [ '3.4.3', '4.0.0' ],
47 silly audit   espree: [ '9.6.1', '10.0.1' ],
47 silly audit   esm: [ '3.2.25' ],
47 silly audit   esniff: [ '2.0.1' ],
47 silly audit   esprima: [ '4.0.1' ],
47 silly audit   esquery: [ '1.5.0' ],
47 silly audit   esrecurse: [ '4.3.0' ],
47 silly audit   estraverse: [ '5.3.0', '4.3.0' ],
47 silly audit   esutils: [ '2.0.3' ],
47 silly audit   'event-emitter': [ '0.3.5' ],
47 silly audit   'event-target-shim': [ '5.0.1' ],
47 silly audit   events: [ '3.3.0' ],
47 silly audit   execa: [ '5.1.1' ],
47 silly audit   exit: [ '0.1.2' ],
47 silly audit   'expand-template': [ '2.0.3' ],
47 silly audit   expect: [ '29.7.0' ],
47 silly audit   'exponential-backoff': [ '3.1.1' ],
47 silly audit   ext: [ '1.7.0' ],
47 silly audit   'fast-content-type-parse': [ '1.1.0' ],
47 silly audit   'fast-copy': [ '3.0.2' ],
47 silly audit   'fast-decode-uri-component': [ '1.0.1' ],
47 silly audit   'fast-deep-equal': [ '3.1.3' ],
47 silly audit   'fast-glob': [ '3.2.11' ],
47 silly audit   'fast-json-stable-stringify': [ '2.1.0' ],
47 silly audit   'fast-json-stringify': [ '5.14.1' ],
47 silly audit   'fast-levenshtein': [ '2.0.6' ],
47 silly audit   'fast-memoize': [ '2.5.2' ],
47 silly audit   'fast-querystring': [ '1.0.0' ],
47 silly audit   'fast-redact': [ '3.5.0' ],
47 silly audit   'fast-safe-stringify': [ '2.1.1' ],
47 silly audit   'fast-uri': [ '2.3.0' ],
47 silly audit   'fastest-levenshtein': [ '1.0.16' ],
47 silly audit   fastify: [ '4.26.2' ],
47 silly audit   'fastify-cli': [ '6.1.1' ],
47 silly audit   'pino-pretty': [ '10.3.1', '11.0.0' ],
47 silly audit   'help-me': [ '5.0.0', '4.2.0' ],
47 silly audit   'readable-stream': [ '4.5.2', '3.6.2' ],
47 silly audit   'fastify-error-page': [ '4.0.0' ],
47 silly audit   'fastify-method-override': [ '1.5.10' ],
47 silly audit   'fastify-objectionjs': [ '2.0.1' ],
47 silly audit   knex: [ '2.5.1', '3.1.0' ],
47 silly audit   'pg-connection-string': [ '2.6.1', '2.6.2', '2.6.4' ],
47 silly audit   'fastify-reverse-routes': [ '3.0.0' ],
47 silly audit   fastq: [ '1.17.1' ],
47 silly audit   'fb-watchman': [ '2.0.2' ],
47 silly audit   'file-entry-cache': [ '6.0.1' ],
47 silly audit   'file-uri-to-path': [ '1.0.0' ],
47 silly audit   'fill-range': [ '7.0.1' ],
47 silly audit   'find-my-way': [ '8.1.0' ],
47 silly audit   'flat-cache': [ '3.2.0' ],
47 silly audit   flatted: [ '3.3.1' ],
47 silly audit   'for-each': [ '0.3.3' ],
47 silly audit   'foreground-child': [ '3.1.1' ],
47 silly audit   'signal-exit': [ '4.1.0', '3.0.7' ],
47 silly audit   'form-data-encoder': [ '2.1.0' ],
47 silly audit   forwarded: [ '0.2.0' ],
47 silly audit   'fp-and-or': [ '0.1.4' ],
47 silly audit   'fs-constants': [ '1.0.0' ],
47 silly audit   'fs-extra': [ '9.1.0' ],
47 silly audit   'fs.realpath': [ '1.0.0' ],
47 silly audit   fsevents: [ '2.3.2' ],
47 silly audit   'function-bind': [ '1.1.2' ],
47 silly audit   'function.prototype.name': [ '1.1.6' ],
47 silly audit   'functions-have-names': [ '1.2.3' ],
47 silly audit   gauge: [ '4.0.4' ],
47 silly audit   generify: [ '4.2.0' ],
47 silly audit   gensync: [ '1.0.0-beta.2' ],
47 silly audit   'get-caller-file': [ '2.0.5' ],
47 silly audit   'get-intrinsic': [ '1.2.4' ],
47 silly audit   'get-package-type': [ '0.1.0' ],
47 silly audit   'get-stdin': [ '8.0.0' ],
47 silly audit   'get-symbol-description': [ '1.0.2' ],
47 silly audit   getopts: [ '2.3.0' ],
47 silly audit   'github-from-package': [ '0.0.0' ],
47 silly audit   'glob-to-regexp': [ '0.4.1' ],
47 silly audit   'global-dirs': [ '3.0.0' ],
47 silly audit   globalthis: [ '1.0.3' ],
47 silly audit   globby: [ '11.1.0' ],
47 silly audit   gopd: [ '1.0.1' ],
47 silly audit   got: [ '12.3.1' ],
47 silly audit   'graceful-fs': [ '4.2.10', '4.2.11' ],
47 silly audit   graphemer: [ '1.4.0' ],
47 silly audit   'has-bigints': [ '1.0.2' ],
47 silly audit   'has-property-descriptors': [ '1.0.2' ],
47 silly audit   'has-proto': [ '1.0.3' ],
47 silly audit   'has-symbols': [ '1.0.3' ],
47 silly audit   'has-tostringtag': [ '1.0.2' ],
47 silly audit   'has-unicode': [ '2.0.1' ],
47 silly audit   'has-yarn': [ '3.0.0' ],
47 silly audit   hashlru: [ '2.3.0' ],
47 silly audit   hasown: [ '2.0.2' ],
47 silly audit   'hosted-git-info': [ '5.2.1', '6.1.1' ],
47 silly audit   'html-escaper': [ '2.0.2' ],
47 silly audit   'http-cache-semantics': [ '4.1.1' ],
47 silly audit   'http-errors': [ '2.0.0' ],
47 silly audit   'http-proxy-agent': [ '5.0.0', '4.0.1' ],
47 silly audit   'http2-wrapper': [ '2.1.11' ],
47 silly audit   'https-proxy-agent': [ '5.0.1' ],
47 silly audit   'human-signals': [ '2.1.0' ],
47 silly audit   'humanize-ms': [ '1.2.1' ],
47 silly audit   i18next: [ '23.11.2' ],
47 silly audit   'iconv-lite': [ '0.6.3' ],
47 silly audit   'icss-utils': [ '5.1.0' ],
47 silly audit   ieee754: [ '1.2.1' ],
47 silly audit   ignore: [ '5.2.0' ],
47 silly audit   'ignore-walk': [ '6.0.4' ],
47 silly audit   'import-fresh': [ '3.3.0' ],
47 silly audit   'resolve-from': [ '4.0.0', '5.0.0' ],
47 silly audit   'import-lazy': [ '4.0.0' ],
47 silly audit   'import-local': [ '3.1.0' ],
47 silly audit   imurmurhash: [ '0.1.4' ],
47 silly audit   'indent-string': [ '4.0.0' ],
47 silly audit   'infer-owner': [ '1.0.4' ],
47 silly audit   inflection: [ '1.13.4' ],
47 silly audit   inflight: [ '1.0.6' ],
47 silly audit   inherits: [ '2.0.4' ],
47 silly audit   'internal-slot': [ '1.0.7' ],
47 silly audit   interpret: [ '2.2.0', '3.1.1' ],
47 silly audit   ip: [ '2.0.0' ],
47 silly audit   'ipaddr.js': [ '1.9.1' ],
47 silly audit   'is-array-buffer': [ '3.0.4' ],
47 silly audit   'is-arrayish': [ '0.2.1' ],
47 silly audit   'is-bigint': [ '1.0.4' ],
47 silly audit   'is-binary-path': [ '2.1.0' ],
47 silly audit   'is-boolean-object': [ '1.1.2' ],
47 silly audit   'is-callable': [ '1.2.7' ],
47 silly audit   'is-ci': [ '3.0.1' ],
47 silly audit   'is-core-module': [ '2.13.1' ],
47 silly audit   'is-data-view': [ '1.0.1' ],
47 silly audit   'is-date-object': [ '1.0.5' ],
47 silly audit   'is-docker': [ '2.2.1' ],
47 silly audit   'is-expression': [ '4.0.0' ],
47 silly audit   'is-extglob': [ '2.1.1' ],
47 silly audit   'is-fullwidth-code-point': [ '3.0.0' ],
47 silly audit   'is-generator-fn': [ '2.1.0' ],
47 silly audit   'is-glob': [ '4.0.3' ],
47 silly audit   'is-installed-globally': [ '0.4.0' ],
47 silly audit   'is-lambda': [ '1.0.1' ],
47 silly audit   'is-negative-zero': [ '2.0.3' ],
47 silly audit   'is-npm': [ '6.0.0' ],
47 silly audit   'is-number': [ '7.0.0' ],
47 silly audit   'is-number-object': [ '1.0.7' ],
47 silly audit   'is-obj': [ '2.0.0' ],
47 silly audit   'is-path-inside': [ '3.0.3' ],
47 silly audit   'is-plain-object': [ '2.0.4' ],
47 silly audit   'is-promise': [ '2.2.2' ],
47 silly audit   'is-regex': [ '1.1.4' ],
47 silly audit   'is-shared-array-buffer': [ '1.0.3' ],
47 silly audit   'is-stream': [ '2.0.1' ],
47 silly audit   'is-string': [ '1.0.7' ],
47 silly audit   'is-symbol': [ '1.0.4' ],
47 silly audit   'is-typed-array': [ '1.1.13' ],
47 silly audit   'is-typedarray': [ '1.0.0' ],
47 silly audit   'is-weakref': [ '1.0.2' ],
47 silly audit   'is-yarn-global': [ '0.4.0' ],
47 silly audit   isarray: [ '2.0.5' ],
47 silly audit   isbinaryfile: [ '4.0.10' ],
47 silly audit   isexe: [ '2.0.0' ],
47 silly audit   isobject: [ '3.0.1' ],
47 silly audit   'istanbul-lib-coverage': [ '3.2.2' ],
47 silly audit   'istanbul-lib-report': [ '3.0.1' ],
47 silly audit   'istanbul-lib-source-maps': [ '4.0.1' ],
47 silly audit   'istanbul-reports': [ '3.1.7' ],
47 silly audit   jackspeak: [ '2.3.6' ],
47 silly audit   jest: [ '29.7.0' ],
47 silly audit   'jest-changed-files': [ '29.7.0' ],
47 silly audit   'jest-circus': [ '29.7.0' ],
47 silly audit   'jest-cli': [ '29.7.0' ],
47 silly audit   'jest-config': [ '29.7.0' ],
47 silly audit   'jest-diff': [ '29.7.0' ],
47 silly audit   'jest-docblock': [ '29.7.0' ],
47 silly audit   'jest-each': [ '29.7.0' ],
47 silly audit   'jest-environment-node': [ '29.7.0' ],
47 silly audit   'jest-get-type': [ '29.6.3' ],
47 silly audit   'jest-haste-map': [ '29.7.0' ],
47 silly audit   'jest-leak-detector': [ '29.7.0' ],
47 silly audit   'jest-matcher-utils': [ '29.7.0' ],
47 silly audit   'jest-message-util': [ '29.7.0' ],
47 silly audit   'jest-mock': [ '29.7.0' ],
47 silly audit   'jest-pnp-resolver': [ '1.2.3' ],
47 silly audit   'jest-regex-util': [ '29.6.3' ],
47 silly audit   'jest-resolve': [ '29.7.0' ],
47 silly audit   'jest-resolve-dependencies': [ '29.7.0' ],
47 silly audit   'jest-runner': [ '29.7.0' ],
47 silly audit   'jest-runtime': [ '29.7.0' ],
47 silly audit   'jest-snapshot': [ '29.7.0' ],
47 silly audit   'jest-util': [ '29.7.0' ],
47 silly audit   'jest-validate': [ '29.7.0' ],
47 silly audit   'jest-watcher': [ '29.7.0' ],
47 silly audit   'jest-worker': [ '29.7.0', '27.5.1' ],
47 silly audit   jju: [ '1.4.0' ],
47 silly audit   joycon: [ '3.1.1' ],
47 silly audit   jquery: [ '3.7.1' ],
47 silly audit   'js-beautify': [ '1.15.1' ],
47 silly audit   nopt: [ '7.2.0', '6.0.0', '5.0.0' ],
47 silly audit   'js-cookie': [ '3.0.5' ],
47 silly audit   'js-stringify': [ '1.0.2' ],
47 silly audit   'js-tokens': [ '4.0.0' ],
47 silly audit   jsesc: [ '2.5.2' ],
47 silly audit   'json-buffer': [ '3.0.1' ],
47 silly audit   'json-parse-even-better-errors': [ '2.3.1', '3.0.1' ],
47 silly audit   'json-parse-helpfulerror': [ '1.0.3' ],
47 silly audit   'json-schema-ref-resolver': [ '1.0.1' ],
47 silly audit   'json-stable-stringify-without-jsonify': [ '1.0.1' ],
47 silly audit   json5: [ '2.2.3', '1.0.2' ],
47 silly audit   jsonfile: [ '6.1.0' ],
47 silly audit   jsonlines: [ '0.1.1' ],
47 silly audit   jsonparse: [ '1.3.1' ],
47 silly audit   jstransformer: [ '1.0.0' ],
47 silly audit   'jstransformer-markdown-it': [ '3.0.0' ],
47 silly audit   keyv: [ '4.5.4' ],
47 silly audit   'kind-of': [ '6.0.3' ],
47 silly audit   kleur: [ '3.0.3', '4.1.5' ],
47 silly audit   'latest-version': [ '7.0.0' ],
47 silly audit   leven: [ '3.1.0' ],
47 silly audit   levn: [ '0.4.1' ],
47 silly audit   'light-my-request': [ '5.13.0' ],
47 silly audit   'lines-and-columns': [ '1.2.4' ],
47 silly audit   'linkify-it': [ '4.0.1' ],
47 silly audit   'loader-runner': [ '4.3.0' ],
47 silly audit   lodash: [ '4.17.21' ],
47 silly audit   'lodash.castarray': [ '4.4.0' ],
47 silly audit   'lodash.compact': [ '3.0.1' ],
47 silly audit   'lodash.isempty': [ '4.4.0' ],
47 silly audit   'lodash.merge': [ '4.6.2' ],
47 silly audit   yallist: [ '3.1.1', '4.0.0' ],
47 silly audit   'lru-queue': [ '0.1.0' ],
47 silly audit   'make-dir': [ '4.0.0' ],
47 silly audit   'make-fetch-happen': [ '11.1.1', '10.2.1', '9.1.0' ],
47 silly audit   'make-promises-safe': [ '5.1.0' ],
47 silly audit   makeerror: [ '1.0.12' ],
47 silly audit   'markdown-it': [ '13.0.2' ],
47 silly audit   mdurl: [ '1.0.1' ],
47 silly audit   'media-typer': [ '0.3.0' ],
47 silly audit   memoizee: [ '0.4.15' ],
47 silly audit   'merge-stream': [ '2.0.0' ],
47 silly audit   merge2: [ '1.4.1' ],
47 silly audit   micromatch: [ '4.0.5' ],
47 silly audit   mime: [ '3.0.0' ],
47 silly audit   'mime-db': [ '1.52.0' ],
47 silly audit   'mime-types': [ '2.1.35' ],
47 silly audit   'mimic-fn': [ '2.1.0' ],
47 silly audit   'mini-css-extract-plugin': [ '2.9.0' ],
47 silly audit   minimist: [ '1.2.6' ],
47 silly audit   'minipass-collect': [ '1.0.2' ],
47 silly audit   'minipass-fetch': [ '3.0.4', '2.1.2', '1.4.1' ],
47 silly audit   'minipass-flush': [ '1.0.5' ],
47 silly audit   'minipass-json-stream': [ '1.0.1' ],
47 silly audit   'minipass-pipeline': [ '1.2.4' ],
47 silly audit   'minipass-sized': [ '1.0.3' ],
47 silly audit   minizlib: [ '2.1.2' ],
47 silly audit   mkdirp: [ '1.0.4' ],
47 silly audit   'mkdirp-classic': [ '0.5.3' ],
47 silly audit   moment: [ '2.30.1' ],
47 silly audit   'moment-timezone': [ '0.5.45' ],
47 silly audit   mustache: [ '4.2.0' ],
47 silly audit   nanoid: [ '3.3.7' ],
47 silly audit   'napi-build-utils': [ '1.0.2' ],
47 silly audit   'natural-compare': [ '1.4.0' ],
47 silly audit   negotiator: [ '0.6.3' ],
47 silly audit   'neo-async': [ '2.6.2' ],
47 silly audit   'next-tick': [ '1.1.0' ],
47 silly audit   'node-abi': [ '3.60.0' ],
47 silly audit   'node-addon-api': [ '4.3.0', '7.1.0' ],
47 silly audit   'node-gyp': [ '9.4.1', '8.4.1' ],
47 silly audit   'node-gyp-build': [ '4.8.0' ],
47 silly audit   ssri: [ '9.0.1', '8.0.1', '10.0.5' ],
47 silly audit   'node-int64': [ '0.4.0' ],
47 silly audit   'node-releases': [ '2.0.14' ],
47 silly audit   'normalize-package-data': [ '5.0.0' ],
47 silly audit   'normalize-path': [ '3.0.0' ],
47 silly audit   'normalize-url': [ '6.1.0' ],
47 silly audit   'npm-bundled': [ '3.0.0' ],
47 silly audit   'npm-check-updates': [ '16.14.18' ],
47 silly audit   rimraf: [ '5.0.5', '3.0.2' ],
47 silly audit   'source-map-support': [ '0.5.21', '0.5.13' ],
47 silly audit   'strip-json-comments': [ '5.0.1', '2.0.1', '3.1.1' ],
47 silly audit   'npm-install-checks': [ '6.3.0' ],
47 silly audit   'npm-normalize-package-bin': [ '3.0.1' ],
47 silly audit   'npm-package-arg': [ '10.1.0' ],
47 silly audit   'npm-packlist': [ '7.0.4' ],
47 silly audit   'npm-pick-manifest': [ '8.0.2' ],
47 silly audit   'npm-registry-fetch': [ '14.0.5' ],
47 silly audit   'npm-run-path': [ '4.0.1' ],
47 silly audit   npmlog: [ '6.0.2' ],
47 silly audit   'object-assign': [ '4.1.1' ],
47 silly audit   'object-inspect': [ '1.13.1' ],
47 silly audit   'object-keys': [ '1.1.1' ],
47 silly audit   'object.assign': [ '4.1.5' ],
47 silly audit   'object.entries': [ '1.1.8' ],
47 silly audit   'object.fromentries': [ '2.0.8' ],
47 silly audit   'object.groupby': [ '1.0.3' ],
47 silly audit   'object.values': [ '1.2.0' ],
47 silly audit   objection: [ '3.1.4' ],
47 silly audit   'objection-unique': [ '1.2.2' ],
47 silly audit   'on-exit-leak-free': [ '2.1.2' ],
47 silly audit   once: [ '1.4.0' ],
47 silly audit   onetime: [ '5.1.2' ],
47 silly audit   optionator: [ '0.9.3' ],
47 silly audit   'p-cancelable': [ '3.0.0' ],
47 silly audit   'p-map': [ '4.0.0' ],
47 silly audit   'p-try': [ '2.2.0' ],
47 silly audit   'package-json': [ '8.1.0' ],
47 silly audit   pacote: [ '15.2.0' ],
47 silly audit   'parent-module': [ '1.0.1' ],
47 silly audit   'parse-github-url': [ '1.0.2' ],
47 silly audit   'parse-json': [ '5.2.0' ],
47 silly audit   'path-exists': [ '4.0.0', '3.0.0' ],
47 silly audit   'path-is-absolute': [ '1.0.1' ],
47 silly audit   'path-key': [ '3.1.1' ],
47 silly audit   'path-parse': [ '1.0.7' ],
47 silly audit   'path-scurry': [ '1.10.2' ],
47 silly audit   'path-to-regexp': [ '6.2.1' ],
47 silly audit   'path-type': [ '4.0.0' ],
47 silly audit   pg: [ '8.11.5' ],
47 silly audit   'pg-cloudflare': [ '1.1.1' ],
47 silly audit   'pg-int8': [ '1.0.1' ],
47 silly audit   'pg-pool': [ '3.6.2' ],
47 silly audit   'pg-protocol': [ '1.6.1' ],
47 silly audit   'pg-types': [ '2.2.0' ],
47 silly audit   pgpass: [ '1.0.5' ],
47 silly audit   split2: [ '4.2.0', '3.2.2' ],
47 silly audit   picocolors: [ '1.0.0' ],
47 silly audit   picomatch: [ '2.3.1' ],
47 silly audit   pino: [ '8.20.0' ],
47 silly audit   'pino-abstract-transport': [ '1.2.0' ],
47 silly audit   'pino-std-serializers': [ '6.2.2' ],
47 silly audit   pirates: [ '4.0.6' ],
47 silly audit   'pkg-dir': [ '4.2.0' ],
47 silly audit   'pkg-up': [ '3.1.0' ],
47 silly audit   'possible-typed-array-names': [ '1.0.0' ],
47 silly audit   postcss: [ '8.4.38' ],
47 silly audit   'postcss-modules-extract-imports': [ '3.1.0' ],
47 silly audit   'postcss-modules-local-by-default': [ '4.0.5' ],
47 silly audit   'postcss-modules-scope': [ '3.2.0' ],
47 silly audit   'postcss-modules-values': [ '4.0.0' ],
47 silly audit   'postcss-selector-parser': [ '6.0.16' ],
47 silly audit   'postcss-value-parser': [ '4.2.0' ],
47 silly audit   'postgres-array': [ '2.0.0' ],
47 silly audit   'postgres-bytea': [ '1.0.0' ],
47 silly audit   'postgres-date': [ '1.0.7' ],
47 silly audit   'postgres-interval': [ '1.2.0' ],
47 silly audit   'prebuild-install': [ '7.1.2' ],
47 silly audit   'prelude-ls': [ '1.2.1' ],
47 silly audit   'pretty-format': [ '29.7.0' ],
47 silly audit   'proc-log': [ '3.0.0' ],
47 silly audit   process: [ '0.11.10' ],
47 silly audit   'process-warning': [ '3.0.0' ],
47 silly audit   progress: [ '2.0.3' ],
47 silly audit   promise: [ '7.3.1' ],
47 silly audit   'promise-inflight': [ '1.0.1' ],
47 silly audit   'promise-retry': [ '2.0.1' ],
47 silly audit   prompts: [ '2.4.2' ],
47 silly audit   'prompts-ncu': [ '3.0.0' ],
47 silly audit   'proto-list': [ '1.2.4' ],
47 silly audit   'proxy-addr': [ '2.0.7' ],
47 silly audit   pug: [ '3.0.2' ],
47 silly audit   'pug-attrs': [ '3.0.0' ],
47 silly audit   'pug-code-gen': [ '3.0.2' ],
47 silly audit   'pug-error': [ '2.0.0' ],
47 silly audit   'pug-filters': [ '4.0.0' ],
47 silly audit   'pug-lexer': [ '5.0.1' ],
47 silly audit   'pug-linker': [ '4.0.0' ],
47 silly audit   'pug-load': [ '3.0.0' ],
47 silly audit   'pug-parser': [ '6.0.0' ],
47 silly audit   'pug-runtime': [ '3.0.1' ],
47 silly audit   'pug-strip-comments': [ '2.0.0' ],
47 silly audit   'pug-walk': [ '2.0.0' ],
47 silly audit   pump: [ '3.0.0' ],
47 silly audit   punycode: [ '2.1.1' ],
47 silly audit   pupa: [ '3.1.0' ],
47 silly audit   'pure-rand': [ '6.1.0' ],
47 silly audit   qs: [ '6.12.1' ],
47 silly audit   'queue-microtask': [ '1.2.3' ],
47 silly audit   'quick-format-unescaped': [ '4.0.4' ],
47 silly audit   'quick-lru': [ '5.1.1' ],
47 silly audit   randombytes: [ '2.1.0' ],
47 silly audit   rc: [ '1.2.8' ],
47 silly audit   'rc-config-loader': [ '4.1.3' ],
47 silly audit   'react-is': [ '18.2.0' ],
47 silly audit   'read-package-json': [ '6.0.4' ],
47 silly audit   'read-package-json-fast': [ '3.0.2' ],
47 silly audit   readdirp: [ '3.6.0' ],
47 silly audit   'real-require': [ '0.2.0' ],
47 silly audit   rechoir: [ '0.8.0' ],
47 silly audit   'regenerator-runtime': [ '0.14.1' ],
47 silly audit   'regexp.prototype.flags': [ '1.5.2' ],
47 silly audit   'registry-auth-token': [ '5.0.1' ],
47 silly audit   'registry-url': [ '6.0.1' ],
47 silly audit   'remote-git-tags': [ '3.0.0' ],
47 silly audit   'require-directory': [ '2.1.1' ],
47 silly audit   'require-from-string': [ '2.0.2' ],
47 silly audit   resolve: [ '1.22.8' ],
47 silly audit   'resolve-alpn': [ '1.2.1' ],
47 silly audit   'resolve-cwd': [ '3.0.0' ],
47 silly audit   'resolve.exports': [ '2.0.2' ],
47 silly audit   responselike: [ '2.0.1' ],
47 silly audit   ret: [ '0.2.2' ],
47 silly audit   retry: [ '0.12.0' ],
47 silly audit   'retry-as-promised': [ '7.0.4' ],
47 silly audit   reusify: [ '1.0.4' ],
47 silly audit   rfdc: [ '1.3.1' ],
47 silly audit   'run-parallel': [ '1.2.0' ],
47 silly audit   rxjs: [ '7.8.1' ],
47 silly audit   'safe-array-concat': [ '1.1.2' ],
47 silly audit   'safe-buffer': [ '5.2.1' ],
47 silly audit   'safe-regex-test': [ '1.0.3' ],
47 silly audit   'safe-regex2': [ '2.0.0' ],
47 silly audit   'safe-stable-stringify': [ '2.4.3' ],
47 silly audit   'safer-buffer': [ '2.1.2' ],
47 silly audit   'schema-utils': [ '4.0.0', '3.3.0' ],
47 silly audit   'secure-json-parse': [ '2.7.0' ],
47 silly audit   'semver-diff': [ '4.0.0' ],
47 silly audit   'semver-utils': [ '1.1.4' ],
47 silly audit   sequelize: [ '6.37.3' ],
47 silly audit   'sequelize-cli': [ '6.6.2' ],
47 silly audit   yargs: [ '16.2.0', '17.7.2' ],
47 silly audit   'yargs-parser': [ '20.2.9', '21.1.1' ],
47 silly audit   'sequelize-pool': [ '7.1.0' ],
47 silly audit   'serialize-javascript': [ '6.0.2' ],
47 silly audit   'set-blocking': [ '2.0.0' ],
47 silly audit   'set-cookie-parser': [ '2.6.0' ],
47 silly audit   'set-function-length': [ '1.2.2' ],
47 silly audit   'set-function-name': [ '2.0.2' ],
47 silly audit   setprototypeof: [ '1.2.0' ],
47 silly audit   'shallow-clone': [ '3.0.1' ],
47 silly audit   'shebang-command': [ '2.0.0' ],
47 silly audit   'shebang-regex': [ '3.0.0' ],
47 silly audit   'shell-quote': [ '1.8.1' ],
47 silly audit   'side-channel': [ '1.0.6' ],
47 silly audit   sigstore: [ '1.9.0' ],
47 silly audit   'simple-concat': [ '1.0.1' ],
47 silly audit   'simple-get': [ '4.0.1' ],
47 silly audit   sisteransi: [ '1.0.5' ],
47 silly audit   slash: [ '3.0.0' ],
47 silly audit   'smart-buffer': [ '4.2.0' ],
47 silly audit   socks: [ '2.7.0' ],
47 silly audit   'socks-proxy-agent': [ '7.0.0', '6.2.1' ],
47 silly audit   'sodium-native': [ '4.1.1' ],
47 silly audit   'sonic-boom': [ '3.8.1' ],
47 silly audit   'source-map': [ '0.6.1' ],
47 silly audit   'source-map-js': [ '1.2.0' ],
47 silly audit   'spawn-command': [ '0.0.2' ],
47 silly audit   'spawn-please': [ '2.0.2' ],
47 silly audit   'spdx-correct': [ '3.2.0' ],
47 silly audit   'spdx-exceptions': [ '2.5.0' ],
47 silly audit   'spdx-expression-parse': [ '3.0.1' ],
47 silly audit   'spdx-license-ids': [ '3.0.17' ],
47 silly audit   'sprintf-js': [ '1.0.3' ],
47 silly audit   sqlite3: [ '5.1.7' ],
47 silly audit   'stack-trace': [ '0.0.10' ],
47 silly audit   'stack-utils': [ '2.0.6' ],
47 silly audit   statuses: [ '2.0.1' ],
47 silly audit   string_decoder: [ '1.3.0' ],
47 silly audit   'string-length': [ '4.0.2' ],
47 silly audit   'string.prototype.trim': [ '1.2.9' ],
47 silly audit   'string.prototype.trimend': [ '1.0.8' ],
47 silly audit   'string.prototype.trimstart': [ '1.0.8' ],
47 silly audit   'strip-bom': [ '4.0.0', '3.0.0' ],
47 silly audit   'strip-final-newline': [ '2.0.0' ],
47 silly audit   'style-loader': [ '4.0.0' ],
47 silly audit   'supports-preserve-symlinks-flag': [ '1.0.0' ],
47 silly audit   tapable: [ '2.2.1' ],
47 silly audit   tar: [ '6.1.11' ],
47 silly audit   'tar-fs': [ '2.1.1' ],
47 silly audit   'tar-stream': [ '2.2.0' ],
47 silly audit   tarn: [ '3.0.2' ],
47 silly audit   terser: [ '5.30.4' ],
47 silly audit   'terser-webpack-plugin': [ '5.3.10' ],
47 silly audit   'test-exclude': [ '6.0.0' ],
47 silly audit   'text-table': [ '0.2.0' ],
47 silly audit   'thread-stream': [ '2.6.0' ],
47 silly audit   tildify: [ '2.0.0' ],
47 silly audit   'timers-ext': [ '0.1.7' ],
47 silly audit   tmpl: [ '1.0.5' ],
47 silly audit   'to-fast-properties': [ '2.0.0' ],
47 silly audit   'to-regex-range': [ '5.0.1' ],
47 silly audit   'toad-cache': [ '3.7.0' ],
47 silly audit   toidentifier: [ '1.0.1' ],
47 silly audit   'token-stream': [ '1.0.0' ],
47 silly audit   'toposort-class': [ '1.0.1' ],
47 silly audit   'tree-kill': [ '1.2.2' ],
47 silly audit   'tsconfig-paths': [ '3.15.0' ],
47 silly audit   tslib: [ '2.6.2' ],
47 silly audit   'tuf-js': [ '1.1.7' ],
47 silly audit   'tunnel-agent': [ '0.6.0' ],
47 silly audit   type: [ '2.7.2' ],
47 silly audit   'type-check': [ '0.4.0' ],
47 silly audit   'type-detect': [ '4.0.8' ],
47 silly audit   'type-is': [ '1.6.18' ],
47 silly audit   'typed-array-buffer': [ '1.0.2' ],
47 silly audit   'typed-array-byte-length': [ '1.0.1' ],
47 silly audit   'typed-array-byte-offset': [ '1.0.2' ],
47 silly audit   'typed-array-length': [ '1.0.6' ],
47 silly audit   'typedarray-to-buffer': [ '3.1.5' ],
47 silly audit   'uc.micro': [ '1.0.6' ],
47 silly audit   umzug: [ '2.3.0' ],
47 silly audit   'unbox-primitive': [ '1.0.2' ],
47 silly audit   'undici-types': [ '5.26.5' ],
47 silly audit   'unique-string': [ '3.0.0' ],
47 silly audit   universalify: [ '2.0.1' ],
47 silly audit   untildify: [ '4.0.0' ],
47 silly audit   'update-browserslist-db': [ '1.0.13' ],
47 silly audit   'update-notifier': [ '6.0.2' ],
47 silly audit   'uri-js': [ '4.4.1' ],
47 silly audit   'util-deprecate': [ '1.0.2' ],
47 silly audit   uuid: [ '8.3.2' ],
47 silly audit   'v8-to-istanbul': [ '9.2.0' ],
47 silly audit   'validate-npm-package-license': [ '3.0.4' ],
47 silly audit   'validate-npm-package-name': [ '5.0.0' ],
47 silly audit   validator: [ '13.11.0' ],
47 silly audit   vary: [ '1.1.2' ],
47 silly audit   'void-elements': [ '3.1.0' ],
47 silly audit   walker: [ '1.0.8' ],
47 silly audit   watchpack: [ '2.4.1' ],
47 silly audit   webpack: [ '5.91.0' ],
47 silly audit   'webpack-cli': [ '5.1.4' ],
47 silly audit   'webpack-merge': [ '5.8.0' ],
47 silly audit   'webpack-sources': [ '3.2.3' ],
47 silly audit   'which-boxed-primitive': [ '1.0.2' ],
47 silly audit   'which-typed-array': [ '1.1.15' ],
47 silly audit   'wide-align': [ '1.1.5' ],
47 silly audit   'widest-line': [ '4.0.1' ],
47 silly audit   wildcard: [ '2.0.0' ],
47 silly audit   with: [ '7.0.2' ],
47 silly audit   wkx: [ '0.5.0' ],
47 silly audit   wrappy: [ '1.0.2' ],
47 silly audit   'xdg-basedir': [ '5.1.0' ],
47 silly audit   xtend: [ '4.0.2' ],
47 silly audit   y18n: [ '5.0.8' ],
47 silly audit   'yocto-queue': [ '0.1.0' ],
47 silly audit   youch: [ '2.2.2' ]
47 silly audit }
48 verbose reify failed optional dependency /root/node_modules/fsevents
49 silly reify mark deleted [ '/root/node_modules/fsevents' ]
50 timing reifyNode:node_modules/fsevents Completed in 25ms
51 timing reify:unpack Completed in 25ms
52 timing reify:unretire Completed in 0ms
53 timing build:queue Completed in 0ms
54 timing build:deps Completed in 1ms
55 timing build Completed in 1ms
56 timing reify:build Completed in 2ms
57 timing reify:trash Completed in 3ms
58 timing reify:save Completed in 134ms
59 http fetch POST 200 https://registry.npmjs.org/-/npm/v1/security/advisories/bulk 625ms
60 timing auditReport:getReport Completed in 630ms
61 silly audit report {
61 silly audit report   braces: [
61 silly audit report     {
61 silly audit report       id: 1098094,
61 silly audit report       url: 'https://github.com/advisories/GHSA-grv7-fg5c-xmjg',
61 silly audit report       title: 'Uncontrolled resource consumption in braces',
61 silly audit report       severity: 'high',
61 silly audit report       vulnerable_versions: '<3.0.3',
61 silly audit report       cwe: [Array],
61 silly audit report       cvss: [Object]
61 silly audit report     }
61 silly audit report   ],
61 silly audit report   cookie: [
61 silly audit report     {
61 silly audit report       id: 1099846,
61 silly audit report       url: 'https://github.com/advisories/GHSA-pxg6-pf52-xh8x',
61 silly audit report       title: 'cookie accepts cookie name, path, and domain with out of bounds characters',
61 silly audit report       severity: 'low',
61 silly audit report       vulnerable_versions: '<0.7.0',
61 silly audit report       cwe: [Array],
61 silly audit report       cvss: [Object]
61 silly audit report     }
61 silly audit report   ],
61 silly audit report   'cross-spawn': [
61 silly audit report     {
61 silly audit report       id: 1100563,
61 silly audit report       url: 'https://github.com/advisories/GHSA-3xgq-45jj-v275',
61 silly audit report       title: 'Regular Expression Denial of Service (ReDoS) in cross-spawn',
61 silly audit report       severity: 'high',
61 silly audit report       vulnerable_versions: '>=7.0.0 <7.0.5',
61 silly audit report       cwe: [Array],
61 silly audit report       cvss: [Object]
61 silly audit report     }
61 silly audit report   ],
61 silly audit report   'find-my-way': [
61 silly audit report     {
61 silly audit report       id: 1099853,
61 silly audit report       url: 'https://github.com/advisories/GHSA-rrr8-f88r-h8q6',
61 silly audit report       title: 'find-my-way has a ReDoS vulnerability in multiparametric routes',
61 silly audit report       severity: 'high',
61 silly audit report       vulnerable_versions: '>=5.5.0 <8.2.2',
61 silly audit report       cwe: [Array],
61 silly audit report       cvss: [Object]
61 silly audit report     }
61 silly audit report   ],
61 silly audit report   ip: [
61 silly audit report     {
61 silly audit report       id: 1097721,
61 silly audit report       url: 'https://github.com/advisories/GHSA-78xj-cgh5-2h22',
61 silly audit report       title: 'NPM IP package incorrectly identifies some private IP addresses as public',
61 silly audit report       severity: 'low',
61 silly audit report       vulnerable_versions: '=2.0.0',
61 silly audit report       cwe: [Array],
61 silly audit report       cvss: [Object]
61 silly audit report     },
61 silly audit report     {
61 silly audit report       id: 1099357,
61 silly audit report       url: 'https://github.com/advisories/GHSA-2p57-rm9w-gvfp',
61 silly audit report       title: 'ip SSRF improper categorization in isPublic',
61 silly audit report       severity: 'high',
61 silly audit report       vulnerable_versions: '<=2.0.1',
61 silly audit report       cwe: [Array],
61 silly audit report       cvss: [Object]
61 silly audit report     }
61 silly audit report   ],
61 silly audit report   micromatch: [
61 silly audit report     {
61 silly audit report       id: 1098681,
61 silly audit report       url: 'https://github.com/advisories/GHSA-952p-6rrq-rcjv',
61 silly audit report       title: 'Regular Expression Denial of Service (ReDoS) in micromatch',
61 silly audit report       severity: 'moderate',
61 silly audit report       vulnerable_versions: '<4.0.8',
61 silly audit report       cwe: [Array],
61 silly audit report       cvss: [Object]
61 silly audit report     }
61 silly audit report   ],
61 silly audit report   nanoid: [
61 silly audit report     {
61 silly audit report       id: 1101163,
61 silly audit report       url: 'https://github.com/advisories/GHSA-mwcw-c2x4-8c55',
61 silly audit report       title: 'Predictable results in nanoid generation when given non-integer values',
61 silly audit report       severity: 'moderate',
61 silly audit report       vulnerable_versions: '<3.3.8',
61 silly audit report       cwe: [Array],
61 silly audit report       cvss: [Object]
61 silly audit report     }
61 silly audit report   ],
61 silly audit report   'path-to-regexp': [
61 silly audit report     {
61 silly audit report       id: 1099558,
61 silly audit report       url: 'https://github.com/advisories/GHSA-9wv6-86v2-598j',
61 silly audit report       title: 'path-to-regexp outputs backtracking regular expressions',
61 silly audit report       severity: 'high',
61 silly audit report       vulnerable_versions: '>=4.0.0 <6.3.0',
61 silly audit report       cwe: [Array],
61 silly audit report       cvss: [Object]
61 silly audit report     }
61 silly audit report   ],
61 silly audit report   pug: [
61 silly audit report     {
61 silly audit report       id: 1098095,
61 silly audit report       url: 'https://github.com/advisories/GHSA-3965-hpx2-q597',
61 silly audit report       title: 'Pug allows JavaScript code execution if an application accepts untrusted input',
61 silly audit report       severity: 'moderate',
61 silly audit report       vulnerable_versions: '<=3.0.2',
61 silly audit report       cwe: [Array],
61 silly audit report       cvss: [Object]
61 silly audit report     }
61 silly audit report   ],
61 silly audit report   tar: [
61 silly audit report     {
61 silly audit report       id: 1097493,
61 silly audit report       url: 'https://github.com/advisories/GHSA-f5x3-32g6-xq36',
61 silly audit report       title: 'Denial of service while parsing a tar file due to lack of folders count validation',
61 silly audit report       severity: 'moderate',
61 silly audit report       vulnerable_versions: '<6.2.1',
61 silly audit report       cwe: [Array],
61 silly audit report       cvss: [Object]
61 silly audit report     }
61 silly audit report   ],
61 silly audit report   webpack: [
61 silly audit report     {
61 silly audit report       id: 1099351,
61 silly audit report       url: 'https://github.com/advisories/GHSA-4vvj-4cpr-p986',
61 silly audit report       title: "Webpack's AutoPublicPathRuntimeModule has a DOM Clobbering Gadget that leads to XSS",
61 silly audit report       severity: 'moderate',
61 silly audit report       vulnerable_versions: '>=5.0.0-alpha.0 <5.94.0',
61 silly audit report       cwe: [Array],
61 silly audit report       cvss: [Object]
61 silly audit report     }
61 silly audit report   ]
61 silly audit report }
62 timing metavuln:cache:get:security-advisory:braces:JiXBFkEDkUnBQLw3PO6emUmmm2JXqgEbh+FhB3SNDS8k6Z0wM20irrfaOjjxYuMxZaKaDudvR037mtEoeqZzXw== Completed in 24ms
63 timing metavuln:cache:get:security-advisory:cross-spawn:2YT36nzxyB20FxTbDCbmrt4++gNqyx6OjFmz5po0z6HX9I+GfNPl9tfHVAnBU+aOPgtVA6OYK9Y+H8+bL6aB6g== Completed in 22ms
64 timing metavuln:cache:get:security-advisory:micromatch:TlYHmS8BZBwkbsPHbTfH2/e91KJnOnqfC63ZoKdiRy+yt6biPd8BwjBdyfPUht1+ZO675I3Gg00RQPYaWiOm8Q== Completed in 22ms
65 timing metavuln:cache:get:security-advisory:cookie:fiAgy8LdsBPaQEbo7M3TC0K1AVc7Dl69m8P2pmr6RTs1eBYnkyvV6lHHCRB0mAKtL1TSQPXxJVEHOqp48Uvhag== Completed in 23ms
66 timing metavuln:cache:get:security-advisory:find-my-way:ncPGiupWBmuLy3osYbi6NeA3zAkV0H2ETbz204QySGfjGMvhOUrckXpvAqjVyzsYU9NNJZrPHuMSulTPi+/bfw== Completed in 23ms
67 timing metavuln:cache:get:security-advisory:ip:b30c5XyTTW4mB+FTN7C/h1vhoJFO9OI8Q+LTllMkSK3uH9C7IrxRvaSJh85+QHMX79NvRWdtpRRPVOFX+5JL7A== Completed in 22ms
68 timing metavuln:cache:get:security-advisory:ip:OJeo7tUWWyIh6QXADJtWrUkbzj0VhAfCmPTk6UVVoO5bD9tsqTnaNWVGSOXk9X+9QDW2vzTUF/sHZpD6agisng== Completed in 22ms
69 timing metavuln:cache:get:security-advisory:nanoid:SQKCup8sGN0ajTqJBTsmG5DRPm6VNoYvtYEU3+oEs0yS1Zc7yA0hMKDHq2B0BcWlfg4+DAnmY2WgCYvhDtBgkA== Completed in 22ms
70 timing metavuln:cache:get:security-advisory:path-to-regexp:pLUv/6c+bmHoxEACs0NqtwPmGr+fsz6hhPRCaCxAB7JAEWbfJpZAdRp5wZbakunJd3L0DjKZw9zV2WchUplIJA== Completed in 21ms
71 timing metavuln:cache:get:security-advisory:tar:xsfciMtNhQn+Vb692L8h5HEYBYUJ5Lhjy3bF//LOsKSn8tp0f1hbuDX26k9UtKJNPZjM5uuq2Cxlz3KwL19oJg== Completed in 20ms
72 timing metavuln:cache:get:security-advisory:pug:ngZk/QxiRMMFtXzBuK/M23Mw0x9qXO0gGvBKYqrJboTafyA43tnCOBbgp6MK+dXoL4X8hxcIkFbNIYVYN+kbMg== Completed in 20ms
73 timing metavuln:cache:get:security-advisory:webpack:7Pl1j4sHKhCQAEccTmt3XZIEEazRzvyC0TOx07N0G7o5OIhhZ0j0Ji3KSCbTwfmCR/2OHJ3Mx5ZmedDQEQeBbg== Completed in 21ms
74 http fetch GET 200 https://registry.npmjs.org/cookie 133ms (cache updated)
75 timing metavuln:packument:cookie Completed in 134ms
76 timing metavuln:load:security-advisory:cookie:1099846 Completed in 0ms
77 timing metavuln:calculate:security-advisory:cookie:1099846 Completed in 135ms
78 http fetch GET 200 https://registry.npmjs.org/braces 206ms (cache updated)
79 timing metavuln:packument:braces Completed in 208ms
80 timing metavuln:load:security-advisory:braces:1098094 Completed in 1ms
81 timing metavuln:calculate:security-advisory:braces:1098094 Completed in 209ms
82 http fetch GET 200 https://registry.npmjs.org/pug 227ms (cache updated)
83 timing metavuln:packument:pug Completed in 227ms
84 timing metavuln:load:security-advisory:pug:1098095 Completed in 1ms
85 timing metavuln:calculate:security-advisory:pug:1098095 Completed in 228ms
86 http fetch GET 200 https://registry.npmjs.org/cross-spawn 234ms (cache updated)
87 timing metavuln:packument:cross-spawn Completed in 234ms
88 timing metavuln:load:security-advisory:cross-spawn:1100563 Completed in 0ms
89 timing metavuln:calculate:security-advisory:cross-spawn:1100563 Completed in 234ms
90 http fetch GET 200 https://registry.npmjs.org/micromatch 234ms (cache updated)
91 timing metavuln:packument:micromatch Completed in 235ms
92 timing metavuln:load:security-advisory:micromatch:1098681 Completed in 1ms
93 timing metavuln:calculate:security-advisory:micromatch:1098681 Completed in 236ms
94 http fetch GET 200 https://registry.npmjs.org/find-my-way 236ms (cache updated)
95 timing metavuln:packument:find-my-way Completed in 238ms
96 timing metavuln:load:security-advisory:find-my-way:1099853 Completed in 1ms
97 timing metavuln:calculate:security-advisory:find-my-way:1099853 Completed in 239ms
98 http fetch GET 200 https://registry.npmjs.org/tar 242ms (cache updated)
99 timing metavuln:packument:tar Completed in 244ms
100 timing metavuln:load:security-advisory:tar:1097493 Completed in 0ms
101 timing metavuln:calculate:security-advisory:tar:1097493 Completed in 244ms
102 http fetch GET 200 https://registry.npmjs.org/nanoid 254ms (cache updated)
103 timing metavuln:packument:nanoid Completed in 255ms
104 timing metavuln:load:security-advisory:nanoid:1101163 Completed in 0ms
105 timing metavuln:calculate:security-advisory:nanoid:1101163 Completed in 256ms
106 http fetch GET 200 https://registry.npmjs.org/path-to-regexp 302ms (cache updated)
107 timing metavuln:packument:path-to-regexp Completed in 302ms
108 timing metavuln:load:security-advisory:path-to-regexp:1099558 Completed in 1ms
109 timing metavuln:calculate:security-advisory:path-to-regexp:1099558 Completed in 303ms
110 http fetch GET 200 https://registry.npmjs.org/webpack 347ms (cache updated)
111 timing metavuln:packument:webpack Completed in 358ms
112 timing metavuln:load:security-advisory:webpack:1099351 Completed in 3ms
113 timing metavuln:calculate:security-advisory:webpack:1099351 Completed in 361ms
114 http fetch GET 200 https://registry.npmjs.org/ip 527ms (cache updated)
115 timing metavuln:packument:ip Completed in 527ms
116 timing metavuln:load:security-advisory:ip:1097721 Completed in 0ms
117 timing metavuln:calculate:security-advisory:ip:1097721 Completed in 527ms
118 timing metavuln:load:security-advisory:ip:1099357 Completed in 0ms
119 timing metavuln:calculate:security-advisory:ip:1099357 Completed in 528ms
120 timing metavuln:cache:get:security-advisory:chokidar:LU+YLfVnn6vFXVAvnsGqd58Rz8g6tJ60ZMP+wazsDeQPoFbTHjxfCKIpn7lW6acFOIKvNjhthFMXqTIaWevt+w== Completed in 6ms
121 timing metavuln:cache:get:security-advisory:micromatch:KLlQrQSexijh/BbB4FSM3fP0/MIDSj3iMiApgG1JwuVrHt48fzZ8fAIdgNu2TyvXdqnfHV2kIjol+N5OzsIiGQ== Completed in 6ms
122 timing metavuln:load:security-advisory:micromatch:JiXBFkEDkUnBQLw3PO6emUmmm2JXqgEbh+FhB3SNDS8k6Z0wM20irrfaOjjxYuMxZaKaDudvR037mtEoeqZzXw== Completed in 0ms
123 timing metavuln:calculate:security-advisory:micromatch:JiXBFkEDkUnBQLw3PO6emUmmm2JXqgEbh+FhB3SNDS8k6Z0wM20irrfaOjjxYuMxZaKaDudvR037mtEoeqZzXw== Completed in 6ms
124 http fetch GET 200 https://registry.npmjs.org/chokidar 110ms (cache updated)
125 timing metavuln:packument:chokidar Completed in 112ms
126 timing metavuln:load:security-advisory:chokidar:JiXBFkEDkUnBQLw3PO6emUmmm2JXqgEbh+FhB3SNDS8k6Z0wM20irrfaOjjxYuMxZaKaDudvR037mtEoeqZzXw== Completed in 1ms
127 timing metavuln:calculate:security-advisory:chokidar:JiXBFkEDkUnBQLw3PO6emUmmm2JXqgEbh+FhB3SNDS8k6Z0wM20irrfaOjjxYuMxZaKaDudvR037mtEoeqZzXw== Completed in 113ms
128 timing metavuln:cache:get:security-advisory:youch:HJbGxhvJFESFlUhroI2boYZ9p/y8+2wBNKDSZupwTWjweJC6m+16QUjkzmUUKy/Y8/vc8DtDGcAcS1H+Oh0NIQ== Completed in 4ms
129 timing metavuln:cache:get:security-advisory:light-my-request:K7mqp6LGjG7wliwO2O8VrToPkUkJDWZ4PrrwkiUaRaLg15fPWIp27yU7Qyyx+TV5ctj8zZsyNQk1FWTsh5kNLw== Completed in 6ms
130 http fetch GET 200 https://registry.npmjs.org/light-my-request 83ms (cache updated)
131 timing metavuln:packument:light-my-request Completed in 85ms
132 timing metavuln:load:security-advisory:light-my-request:fiAgy8LdsBPaQEbo7M3TC0K1AVc7Dl69m8P2pmr6RTs1eBYnkyvV6lHHCRB0mAKtL1TSQPXxJVEHOqp48Uvhag== Completed in 0ms
133 timing metavuln:calculate:security-advisory:light-my-request:fiAgy8LdsBPaQEbo7M3TC0K1AVc7Dl69m8P2pmr6RTs1eBYnkyvV6lHHCRB0mAKtL1TSQPXxJVEHOqp48Uvhag== Completed in 85ms
134 http fetch GET 200 https://registry.npmjs.org/youch 95ms (cache updated)
135 timing metavuln:packument:youch Completed in 96ms
136 timing metavuln:load:security-advisory:youch:fiAgy8LdsBPaQEbo7M3TC0K1AVc7Dl69m8P2pmr6RTs1eBYnkyvV6lHHCRB0mAKtL1TSQPXxJVEHOqp48Uvhag== Completed in 0ms
137 timing metavuln:calculate:security-advisory:youch:fiAgy8LdsBPaQEbo7M3TC0K1AVc7Dl69m8P2pmr6RTs1eBYnkyvV6lHHCRB0mAKtL1TSQPXxJVEHOqp48Uvhag== Completed in 96ms
138 timing metavuln:cache:get:security-advisory:eslint:bz56okbEUrZqAkRTkpkmvztXLvNZW2VDPHF2fqin8K2GidvGcVo/SzQqqABRooympjtfGakOGEGoHPPOA4OOog== Completed in 7ms
139 timing metavuln:cache:get:security-advisory:spawn-please:cZII9ALDX8IgTwaAjHKfr92tyXSEQnVjDv4OmLw+1GPIlsOVR9v/keHZk62GHfkvh+kNhEG4ErqVqN6T6Xk/ww== Completed in 7ms
140 timing metavuln:cache:get:security-advisory:execa:esx5OopxXhaaN4OWrpL/hbUGhclQpXEEYrKiKLVqs1BBwmkO4Yl3bpU/OidAapIpfGn0uCXoaDXI/Cyc2YFujw== Completed in 8ms
141 timing metavuln:cache:get:security-advisory:foreground-child:16VYrGhNBDZSTPiFO1XJHwSzTDuFlxf6XW1//woFZYHAo/JJWjsZMoq6I5pf5N1ziskEVc8CfstgmMM21W+MYA== Completed in 9ms
142 timing metavuln:cache:get:security-advisory:webpack-cli:5g8O7zA7ydlbcr0oS08mlVwBTmVVZHeeYWSTIteUcxhUF9SdE7ibHhxGSx4w29WwjdYl01EmG/SV8NN1XFvxSQ== Completed in 8ms
143 http fetch GET 200 https://registry.npmjs.org/foreground-child 66ms (cache updated)
144 timing metavuln:packument:foreground-child Completed in 67ms
145 timing metavuln:load:security-advisory:foreground-child:2YT36nzxyB20FxTbDCbmrt4++gNqyx6OjFmz5po0z6HX9I+GfNPl9tfHVAnBU+aOPgtVA6OYK9Y+H8+bL6aB6g== Completed in 0ms
146 timing metavuln:calculate:security-advisory:foreground-child:2YT36nzxyB20FxTbDCbmrt4++gNqyx6OjFmz5po0z6HX9I+GfNPl9tfHVAnBU+aOPgtVA6OYK9Y+H8+bL6aB6g== Completed in 67ms
147 http fetch GET 200 https://registry.npmjs.org/execa 90ms (cache updated)
148 timing metavuln:packument:execa Completed in 91ms
149 timing metavuln:load:security-advisory:execa:2YT36nzxyB20FxTbDCbmrt4++gNqyx6OjFmz5po0z6HX9I+GfNPl9tfHVAnBU+aOPgtVA6OYK9Y+H8+bL6aB6g== Completed in 0ms
150 timing metavuln:calculate:security-advisory:execa:2YT36nzxyB20FxTbDCbmrt4++gNqyx6OjFmz5po0z6HX9I+GfNPl9tfHVAnBU+aOPgtVA6OYK9Y+H8+bL6aB6g== Completed in 91ms
151 http fetch GET 200 https://registry.npmjs.org/spawn-please 99ms (cache updated)
152 timing metavuln:packument:spawn-please Completed in 100ms
153 timing metavuln:load:security-advisory:spawn-please:2YT36nzxyB20FxTbDCbmrt4++gNqyx6OjFmz5po0z6HX9I+GfNPl9tfHVAnBU+aOPgtVA6OYK9Y+H8+bL6aB6g== Completed in 0ms
154 timing metavuln:calculate:security-advisory:spawn-please:2YT36nzxyB20FxTbDCbmrt4++gNqyx6OjFmz5po0z6HX9I+GfNPl9tfHVAnBU+aOPgtVA6OYK9Y+H8+bL6aB6g== Completed in 100ms
155 http fetch GET 200 https://registry.npmjs.org/webpack-cli 100ms (cache updated)
156 timing metavuln:packument:webpack-cli Completed in 103ms
157 timing metavuln:load:security-advisory:webpack-cli:2YT36nzxyB20FxTbDCbmrt4++gNqyx6OjFmz5po0z6HX9I+GfNPl9tfHVAnBU+aOPgtVA6OYK9Y+H8+bL6aB6g== Completed in 0ms
158 timing metavuln:calculate:security-advisory:webpack-cli:2YT36nzxyB20FxTbDCbmrt4++gNqyx6OjFmz5po0z6HX9I+GfNPl9tfHVAnBU+aOPgtVA6OYK9Y+H8+bL6aB6g== Completed in 103ms
159 http fetch GET 200 https://registry.npmjs.org/eslint 110ms (cache updated)
160 timing metavuln:packument:eslint Completed in 116ms
161 timing metavuln:load:security-advisory:eslint:2YT36nzxyB20FxTbDCbmrt4++gNqyx6OjFmz5po0z6HX9I+GfNPl9tfHVAnBU+aOPgtVA6OYK9Y+H8+bL6aB6g== Completed in 0ms
162 timing metavuln:calculate:security-advisory:eslint:2YT36nzxyB20FxTbDCbmrt4++gNqyx6OjFmz5po0z6HX9I+GfNPl9tfHVAnBU+aOPgtVA6OYK9Y+H8+bL6aB6g== Completed in 117ms
163 timing metavuln:cache:get:security-advisory:fastify:r+d4AOedJNNM2JvdD79Tj/5Xqtya7yxHwFWKqG0+AJKMFl1K4au+8puJfPaPI6uOm9P0a/JHng7JwWmTuMXQJg== Completed in 3ms
164 http fetch GET 200 https://registry.npmjs.org/fastify 171ms (cache updated)
165 timing metavuln:packument:fastify Completed in 177ms
166 timing metavuln:load:security-advisory:fastify:ncPGiupWBmuLy3osYbi6NeA3zAkV0H2ETbz204QySGfjGMvhOUrckXpvAqjVyzsYU9NNJZrPHuMSulTPi+/bfw== Completed in 1ms
167 timing metavuln:calculate:security-advisory:fastify:ncPGiupWBmuLy3osYbi6NeA3zAkV0H2ETbz204QySGfjGMvhOUrckXpvAqjVyzsYU9NNJZrPHuMSulTPi+/bfw== Completed in 178ms
168 timing metavuln:cache:get:security-advisory:socks:ZyRUcRmD1MNtaR/fRKhPv5VhG5no8wY0FkhGlAZmdaDLXgOItG6TaYDtgnEgHx5N6uAbGMSuMt20p4OZPEpG3Q== Completed in 4ms
169 http fetch GET 200 https://registry.npmjs.org/socks 104ms (cache updated)
170 timing metavuln:packument:socks Completed in 106ms
171 timing metavuln:load:security-advisory:socks:b30c5XyTTW4mB+FTN7C/h1vhoJFO9OI8Q+LTllMkSK3uH9C7IrxRvaSJh85+QHMX79NvRWdtpRRPVOFX+5JL7A== Completed in 0ms
172 timing metavuln:calculate:security-advisory:socks:b30c5XyTTW4mB+FTN7C/h1vhoJFO9OI8Q+LTllMkSK3uH9C7IrxRvaSJh85+QHMX79NvRWdtpRRPVOFX+5JL7A== Completed in 106ms
173 timing metavuln:cache:get:security-advisory:@jest/transform:frAXQpmFOgCLjrxLELwz/nGg5XiK/ZNDWwX3TPmrK4kjdo/GsnOnUL1px5EXlvvS4e0p7qsR8mhVO87fIAkI8w== Completed in 18ms
174 timing metavuln:cache:get:security-advisory:@jest/core:03W5UBAiciMv+HbF52DVjKaiJDsW8n4o9l0N1bD9irL9aHp0XpkH6yRZbIXa21hJn/+RFQL1MCcLgDa/4eDK4w== Completed in 20ms
175 timing metavuln:cache:get:security-advisory:fast-glob:AbqaRkH/ah2E63AlsHQoSe4rzDu85g3nQo2oOGK8mDPpx8ODN4CyFz62hpRucknVgKWSODuNhHcd4w2oWa9y3w== Completed in 19ms
176 timing metavuln:cache:get:security-advisory:jest-message-util:9e3+mtFMiM85wWr/OL6NNUJH/DnoduwxZZ0/PtDHjHEr2KrplOGkwoZ+9A9Of+V7gemgG4bDnVLxA6nt6hgQOQ== Completed in 18ms
177 timing metavuln:cache:get:security-advisory:jest-haste-map:jM3bS1o4htRu+ACRH1gcErU4U2Iaalvaat1pZmyWiirmghW1371hURc/aE7fgn6m9mU4kt8GRZ0gy4wwGUZ7mQ== Completed in 19ms
178 timing metavuln:cache:get:security-advisory:jest-config:PG5LJK++mIH2P5/BoeATw87eF+FfSdFbgEqp2CbnYYA8L17aFlVzq09vZtR3BFwoyR+3hWRZY28YfyQmAblGOg== Completed in 19ms
179 http fetch GET 200 https://registry.npmjs.org/fast-glob 102ms (cache updated)
180 timing metavuln:packument:fast-glob Completed in 104ms
181 timing metavuln:load:security-advisory:fast-glob:TlYHmS8BZBwkbsPHbTfH2/e91KJnOnqfC63ZoKdiRy+yt6biPd8BwjBdyfPUht1+ZO675I3Gg00RQPYaWiOm8Q== Completed in 0ms
182 timing metavuln:calculate:security-advisory:fast-glob:TlYHmS8BZBwkbsPHbTfH2/e91KJnOnqfC63ZoKdiRy+yt6biPd8BwjBdyfPUht1+ZO675I3Gg00RQPYaWiOm8Q== Completed in 104ms
183 http fetch GET 200 https://registry.npmjs.org/jest-haste-map 134ms (cache updated)
184 timing metavuln:packument:jest-haste-map Completed in 136ms
185 timing metavuln:load:security-advisory:jest-haste-map:TlYHmS8BZBwkbsPHbTfH2/e91KJnOnqfC63ZoKdiRy+yt6biPd8BwjBdyfPUht1+ZO675I3Gg00RQPYaWiOm8Q== Completed in 0ms
186 timing metavuln:calculate:security-advisory:jest-haste-map:TlYHmS8BZBwkbsPHbTfH2/e91KJnOnqfC63ZoKdiRy+yt6biPd8BwjBdyfPUht1+ZO675I3Gg00RQPYaWiOm8Q== Completed in 136ms
187 http fetch GET 200 https://registry.npmjs.org/jest-config 139ms (cache updated)
188 timing metavuln:packument:jest-config Completed in 141ms
189 timing metavuln:load:security-advisory:jest-config:TlYHmS8BZBwkbsPHbTfH2/e91KJnOnqfC63ZoKdiRy+yt6biPd8BwjBdyfPUht1+ZO675I3Gg00RQPYaWiOm8Q== Completed in 1ms
190 timing metavuln:calculate:security-advisory:jest-config:TlYHmS8BZBwkbsPHbTfH2/e91KJnOnqfC63ZoKdiRy+yt6biPd8BwjBdyfPUht1+ZO675I3Gg00RQPYaWiOm8Q== Completed in 142ms
191 http fetch GET 200 https://registry.npmjs.org/@jest%2ftransform 144ms (cache updated)
192 timing metavuln:packument:@jest/transform Completed in 145ms
193 timing metavuln:load:security-advisory:@jest/transform:TlYHmS8BZBwkbsPHbTfH2/e91KJnOnqfC63ZoKdiRy+yt6biPd8BwjBdyfPUht1+ZO675I3Gg00RQPYaWiOm8Q== Completed in 0ms
194 timing metavuln:calculate:security-advisory:@jest/transform:TlYHmS8BZBwkbsPHbTfH2/e91KJnOnqfC63ZoKdiRy+yt6biPd8BwjBdyfPUht1+ZO675I3Gg00RQPYaWiOm8Q== Completed in 145ms
195 http fetch GET 200 https://registry.npmjs.org/jest-message-util 169ms (cache updated)
196 timing metavuln:packument:jest-message-util Completed in 171ms
197 timing metavuln:load:security-advisory:jest-message-util:TlYHmS8BZBwkbsPHbTfH2/e91KJnOnqfC63ZoKdiRy+yt6biPd8BwjBdyfPUht1+ZO675I3Gg00RQPYaWiOm8Q== Completed in 0ms
198 timing metavuln:calculate:security-advisory:jest-message-util:TlYHmS8BZBwkbsPHbTfH2/e91KJnOnqfC63ZoKdiRy+yt6biPd8BwjBdyfPUht1+ZO675I3Gg00RQPYaWiOm8Q== Completed in 172ms
199 http fetch GET 200 https://registry.npmjs.org/@jest%2fcore 587ms (cache updated)
200 timing metavuln:packument:@jest/core Completed in 591ms
201 timing metavuln:load:security-advisory:@jest/core:TlYHmS8BZBwkbsPHbTfH2/e91KJnOnqfC63ZoKdiRy+yt6biPd8BwjBdyfPUht1+ZO675I3Gg00RQPYaWiOm8Q== Completed in 0ms
202 timing metavuln:calculate:security-advisory:@jest/core:TlYHmS8BZBwkbsPHbTfH2/e91KJnOnqfC63ZoKdiRy+yt6biPd8BwjBdyfPUht1+ZO675I3Gg00RQPYaWiOm8Q== Completed in 592ms
203 timing metavuln:cache:get:security-advisory:postcss:KRlvwonx2tnkfQEzD0AbrMLur2acf8cfQYiBufqS9KclzvETUfaot1QtSY2LVaU+o4xSSr0UqIoIwcXwg3grVg== Completed in 8ms
204 http fetch GET 200 https://registry.npmjs.org/postcss 114ms (cache updated)
205 timing metavuln:packument:postcss Completed in 117ms
206 timing metavuln:load:security-advisory:postcss:SQKCup8sGN0ajTqJBTsmG5DRPm6VNoYvtYEU3+oEs0yS1Zc7yA0hMKDHq2B0BcWlfg4+DAnmY2WgCYvhDtBgkA== Completed in 1ms
207 timing metavuln:calculate:security-advisory:postcss:SQKCup8sGN0ajTqJBTsmG5DRPm6VNoYvtYEU3+oEs0yS1Zc7yA0hMKDHq2B0BcWlfg4+DAnmY2WgCYvhDtBgkA== Completed in 118ms
208 timing metavuln:cache:get:security-advisory:fastify-reverse-routes:VBoaAnm0hfzcOntVIpF9DnIvZNQGYBdqvWeRUpusC0CSKn//PPluqp/BuCIvC6FzSlRl1Uuh3kNtsCzu7c3HGA== Completed in 5ms
209 timing metavuln:cache:get:security-advisory:fastify-method-override:Mn3h0529G7ApivxPYtxNtxURDr6d8zal8GZ43sispT1YBgPPxdp5lgMju791ylVzY6mxXayhuP/DQ8uOBLmNmg== Completed in 5ms
210 http fetch GET 200 https://registry.npmjs.org/fastify-reverse-routes 612ms (cache updated)
211 timing metavuln:packument:fastify-reverse-routes Completed in 613ms
212 timing metavuln:load:security-advisory:fastify-reverse-routes:pLUv/6c+bmHoxEACs0NqtwPmGr+fsz6hhPRCaCxAB7JAEWbfJpZAdRp5wZbakunJd3L0DjKZw9zV2WchUplIJA== Completed in 0ms
213 timing metavuln:calculate:security-advisory:fastify-reverse-routes:pLUv/6c+bmHoxEACs0NqtwPmGr+fsz6hhPRCaCxAB7JAEWbfJpZAdRp5wZbakunJd3L0DjKZw9zV2WchUplIJA== Completed in 614ms
214 http fetch GET 200 https://registry.npmjs.org/fastify-method-override 671ms (cache updated)
215 timing metavuln:packument:fastify-method-override Completed in 672ms
216 timing metavuln:load:security-advisory:fastify-method-override:pLUv/6c+bmHoxEACs0NqtwPmGr+fsz6hhPRCaCxAB7JAEWbfJpZAdRp5wZbakunJd3L0DjKZw9zV2WchUplIJA== Completed in 0ms
217 timing metavuln:calculate:security-advisory:fastify-method-override:pLUv/6c+bmHoxEACs0NqtwPmGr+fsz6hhPRCaCxAB7JAEWbfJpZAdRp5wZbakunJd3L0DjKZw9zV2WchUplIJA== Completed in 673ms
218 timing metavuln:cache:get:security-advisory:node-gyp:Rpe4QFTznz5OQZEcumE8ewontGWpDMN2/EB2qOpnA+zB6STvbtlNxaZNR126QHUStUK80yo/wR7Tw4gAhvfWhw== Completed in 10ms
219 timing metavuln:cache:get:security-advisory:cacache:23ujtretmvB1Q6nwRAN4et2x6TaiMiF22Q16OlGB9hz1JzeqP0elo3O+sZbaMFuF2ldINgIs99mZYf/yzvXNSQ== Completed in 12ms
220 timing metavuln:cache:get:security-advisory:pacote:5nL2BVmZdpjhBZ7a3CK7N/m/f/lv+zH8Y+nT55HCe0u90hwrkMqqWFfJGcy1kDrYlqMa4V2tZ5D9u6+B+mJoTQ== Completed in 11ms
221 timing metavuln:cache:get:security-advisory:sqlite3:5vPlkA5fGgM/FMhOLiXrTP+EGb3t0tN6Igp9J7Suhdaozuk4NtQY3JkkSebgppHFgSH98yL630/Bf9FIPba43Q== Completed in 11ms
222 http fetch GET 200 https://registry.npmjs.org/node-gyp 89ms (cache updated)
223 timing metavuln:packument:node-gyp Completed in 90ms
224 timing metavuln:load:security-advisory:node-gyp:xsfciMtNhQn+Vb692L8h5HEYBYUJ5Lhjy3bF//LOsKSn8tp0f1hbuDX26k9UtKJNPZjM5uuq2Cxlz3KwL19oJg== Completed in 0ms
225 timing metavuln:calculate:security-advisory:node-gyp:xsfciMtNhQn+Vb692L8h5HEYBYUJ5Lhjy3bF//LOsKSn8tp0f1hbuDX26k9UtKJNPZjM5uuq2Cxlz3KwL19oJg== Completed in 91ms
226 http fetch GET 200 https://registry.npmjs.org/cacache 95ms (cache updated)
227 timing metavuln:packument:cacache Completed in 97ms
228 timing metavuln:load:security-advisory:cacache:xsfciMtNhQn+Vb692L8h5HEYBYUJ5Lhjy3bF//LOsKSn8tp0f1hbuDX26k9UtKJNPZjM5uuq2Cxlz3KwL19oJg== Completed in 0ms
229 timing metavuln:calculate:security-advisory:cacache:xsfciMtNhQn+Vb692L8h5HEYBYUJ5Lhjy3bF//LOsKSn8tp0f1hbuDX26k9UtKJNPZjM5uuq2Cxlz3KwL19oJg== Completed in 97ms
230 http fetch GET 200 https://registry.npmjs.org/sqlite3 96ms (cache updated)
231 timing metavuln:packument:sqlite3 Completed in 98ms
232 timing metavuln:load:security-advisory:sqlite3:xsfciMtNhQn+Vb692L8h5HEYBYUJ5Lhjy3bF//LOsKSn8tp0f1hbuDX26k9UtKJNPZjM5uuq2Cxlz3KwL19oJg== Completed in 0ms
233 timing metavuln:calculate:security-advisory:sqlite3:xsfciMtNhQn+Vb692L8h5HEYBYUJ5Lhjy3bF//LOsKSn8tp0f1hbuDX26k9UtKJNPZjM5uuq2Cxlz3KwL19oJg== Completed in 98ms
234 http fetch GET 200 https://registry.npmjs.org/pacote 127ms (cache updated)
235 timing metavuln:packument:pacote Completed in 130ms
236 timing metavuln:load:security-advisory:pacote:xsfciMtNhQn+Vb692L8h5HEYBYUJ5Lhjy3bF//LOsKSn8tp0f1hbuDX26k9UtKJNPZjM5uuq2Cxlz3KwL19oJg== Completed in 1ms
237 timing metavuln:calculate:security-advisory:pacote:xsfciMtNhQn+Vb692L8h5HEYBYUJ5Lhjy3bF//LOsKSn8tp0f1hbuDX26k9UtKJNPZjM5uuq2Cxlz3KwL19oJg== Completed in 131ms
238 timing metavuln:cache:get:security-advisory:css-loader:d7bZTMqCZOXmD1W7nHTq3L2+DZuzg95msmts27ook7t6svNtePjpGAjZZiNp+0sHWs5uA6xv44CunDLEHlIk0w== Completed in 12ms
239 timing metavuln:cache:get:security-advisory:@webpack-cli/serve:fOyrNylPz99fE3Lla0ntgCjm/7k0AedMNaEEspLkGlCLFEmj9XWgjSMsf7Jnz1G4y1yMMhQmw433ie0EvLkTPw== Completed in 13ms
240 timing metavuln:cache:get:security-advisory:@webpack-cli/configtest:xJhV3uPYmo74/zKXapV5krAbV3jWwvzos7D9yiHFHhAFDdXd/bP334EYGTBUlwUcuQPEmo50fojjVCVisGGFIQ== Completed in 13ms
241 timing metavuln:cache:get:security-advisory:@webpack-cli/info:Ldtj472hf5yVCFXWsCwuB1kYR/mOSU68pxu8Lo8I1VLIXnfbxEu4ID4H4siglwwDlm/yM7UP0N+CO2B9e7S71g== Completed in 13ms
242 timing metavuln:cache:get:security-advisory:mini-css-extract-plugin:qBcKJDQ6I9WcL9x4QmXgXA9U6CIfPDnuthkNRtcf3B2pv5YiMKTXTX5aZ9OD2ix7+iV5j+3pFfebCDMJ/bVIew== Completed in 13ms
243 timing metavuln:cache:get:security-advisory:terser-webpack-plugin:Uqotlq7e4p8a17Gch+uSLMmyilwazp3SdS5LgtQM1QyqzBW7FWPwyk3i/l7U7L2H764aPM6RPHDhd/ECqCZEZA== Completed in 11ms
244 timing metavuln:cache:get:security-advisory:webpack-cli:/nnF4DWRRr5vREfp1So3+1tEViG8gp4FBG0iYaE4bKt+dEZRXeEKKSDD3uVBMFoyh5qBVBar0v6Sv8NQcTMkcA== Completed in 11ms
245 timing metavuln:load:security-advisory:webpack-cli:7Pl1j4sHKhCQAEccTmt3XZIEEazRzvyC0TOx07N0G7o5OIhhZ0j0Ji3KSCbTwfmCR/2OHJ3Mx5ZmedDQEQeBbg== Completed in 0ms
246 timing metavuln:calculate:security-advisory:webpack-cli:7Pl1j4sHKhCQAEccTmt3XZIEEazRzvyC0TOx07N0G7o5OIhhZ0j0Ji3KSCbTwfmCR/2OHJ3Mx5ZmedDQEQeBbg== Completed in 11ms
247 timing metavuln:cache:get:security-advisory:style-loader:P7+2mg9kCq/IOwsXYgEETJyu9JR4VQdIBteP0nbsIZP2oMFkqQzosERmmmn4CLReG3yof/e0O9YomL5D3qpPDw== Completed in 14ms
248 http fetch GET 200 https://registry.npmjs.org/@webpack-cli%2fconfigtest 99ms (cache updated)
249 timing metavuln:packument:@webpack-cli/configtest Completed in 100ms
250 timing metavuln:load:security-advisory:@webpack-cli/configtest:7Pl1j4sHKhCQAEccTmt3XZIEEazRzvyC0TOx07N0G7o5OIhhZ0j0Ji3KSCbTwfmCR/2OHJ3Mx5ZmedDQEQeBbg== Completed in 0ms
251 timing metavuln:calculate:security-advisory:@webpack-cli/configtest:7Pl1j4sHKhCQAEccTmt3XZIEEazRzvyC0TOx07N0G7o5OIhhZ0j0Ji3KSCbTwfmCR/2OHJ3Mx5ZmedDQEQeBbg== Completed in 100ms
252 http fetch GET 200 https://registry.npmjs.org/css-loader 100ms (cache updated)
253 timing metavuln:packument:css-loader Completed in 101ms
254 timing metavuln:load:security-advisory:css-loader:7Pl1j4sHKhCQAEccTmt3XZIEEazRzvyC0TOx07N0G7o5OIhhZ0j0Ji3KSCbTwfmCR/2OHJ3Mx5ZmedDQEQeBbg== Completed in 1ms
255 timing metavuln:calculate:security-advisory:css-loader:7Pl1j4sHKhCQAEccTmt3XZIEEazRzvyC0TOx07N0G7o5OIhhZ0j0Ji3KSCbTwfmCR/2OHJ3Mx5ZmedDQEQeBbg== Completed in 102ms
256 http fetch GET 200 https://registry.npmjs.org/style-loader 105ms (cache updated)
257 timing metavuln:packument:style-loader Completed in 106ms
258 timing metavuln:load:security-advisory:style-loader:7Pl1j4sHKhCQAEccTmt3XZIEEazRzvyC0TOx07N0G7o5OIhhZ0j0Ji3KSCbTwfmCR/2OHJ3Mx5ZmedDQEQeBbg== Completed in 0ms
259 timing metavuln:calculate:security-advisory:style-loader:7Pl1j4sHKhCQAEccTmt3XZIEEazRzvyC0TOx07N0G7o5OIhhZ0j0Ji3KSCbTwfmCR/2OHJ3Mx5ZmedDQEQeBbg== Completed in 106ms
260 http fetch GET 200 https://registry.npmjs.org/mini-css-extract-plugin 109ms (cache updated)
261 timing metavuln:packument:mini-css-extract-plugin Completed in 110ms
262 timing metavuln:load:security-advisory:mini-css-extract-plugin:7Pl1j4sHKhCQAEccTmt3XZIEEazRzvyC0TOx07N0G7o5OIhhZ0j0Ji3KSCbTwfmCR/2OHJ3Mx5ZmedDQEQeBbg== Completed in 0ms
263 timing metavuln:calculate:security-advisory:mini-css-extract-plugin:7Pl1j4sHKhCQAEccTmt3XZIEEazRzvyC0TOx07N0G7o5OIhhZ0j0Ji3KSCbTwfmCR/2OHJ3Mx5ZmedDQEQeBbg== Completed in 110ms
264 http fetch GET 200 https://registry.npmjs.org/@webpack-cli%2fserve 112ms (cache updated)
265 timing metavuln:packument:@webpack-cli/serve Completed in 113ms
266 timing metavuln:load:security-advisory:@webpack-cli/serve:7Pl1j4sHKhCQAEccTmt3XZIEEazRzvyC0TOx07N0G7o5OIhhZ0j0Ji3KSCbTwfmCR/2OHJ3Mx5ZmedDQEQeBbg== Completed in 0ms
267 timing metavuln:calculate:security-advisory:@webpack-cli/serve:7Pl1j4sHKhCQAEccTmt3XZIEEazRzvyC0TOx07N0G7o5OIhhZ0j0Ji3KSCbTwfmCR/2OHJ3Mx5ZmedDQEQeBbg== Completed in 113ms
268 http fetch GET 200 https://registry.npmjs.org/@webpack-cli%2finfo 127ms (cache updated)
269 timing metavuln:packument:@webpack-cli/info Completed in 127ms
270 timing metavuln:load:security-advisory:@webpack-cli/info:7Pl1j4sHKhCQAEccTmt3XZIEEazRzvyC0TOx07N0G7o5OIhhZ0j0Ji3KSCbTwfmCR/2OHJ3Mx5ZmedDQEQeBbg== Completed in 1ms
271 timing metavuln:calculate:security-advisory:@webpack-cli/info:7Pl1j4sHKhCQAEccTmt3XZIEEazRzvyC0TOx07N0G7o5OIhhZ0j0Ji3KSCbTwfmCR/2OHJ3Mx5ZmedDQEQeBbg== Completed in 128ms
272 http fetch GET 200 https://registry.npmjs.org/terser-webpack-plugin 847ms (cache updated)
273 timing metavuln:packument:terser-webpack-plugin Completed in 851ms
274 timing metavuln:load:security-advisory:terser-webpack-plugin:7Pl1j4sHKhCQAEccTmt3XZIEEazRzvyC0TOx07N0G7o5OIhhZ0j0Ji3KSCbTwfmCR/2OHJ3Mx5ZmedDQEQeBbg== Completed in 1ms
275 timing metavuln:calculate:security-advisory:terser-webpack-plugin:7Pl1j4sHKhCQAEccTmt3XZIEEazRzvyC0TOx07N0G7o5OIhhZ0j0Ji3KSCbTwfmCR/2OHJ3Mx5ZmedDQEQeBbg== Completed in 852ms
276 timing metavuln:cache:get:security-advisory:fastify:al3u0Waz5iOz+uZOjDZ9Qu+Qju+EYds0czg+KI77/AJ4il3e/hu9B7pnE+UaVtGscmd5dspQc4hIphV/2hun7A== Completed in 5ms
277 timing metavuln:load:security-advisory:fastify:K7mqp6LGjG7wliwO2O8VrToPkUkJDWZ4PrrwkiUaRaLg15fPWIp27yU7Qyyx+TV5ctj8zZsyNQk1FWTsh5kNLw== Completed in 1ms
278 timing metavuln:calculate:security-advisory:fastify:K7mqp6LGjG7wliwO2O8VrToPkUkJDWZ4PrrwkiUaRaLg15fPWIp27yU7Qyyx+TV5ctj8zZsyNQk1FWTsh5kNLw== Completed in 7ms
279 timing metavuln:cache:get:security-advisory:fastify-error-page:vWhaXafXEfHWEI1TON+WCikYzlbYR3xVOnjo5+Y+bAsMVCDEtHu8BPX0b+owcF85M9Zva386p1NCOzJ06XbBTw== Completed in 4ms
280 http fetch GET 200 https://registry.npmjs.org/fastify-error-page 631ms (cache updated)
281 timing metavuln:packument:fastify-error-page Completed in 632ms
282 timing metavuln:load:security-advisory:fastify-error-page:HJbGxhvJFESFlUhroI2boYZ9p/y8+2wBNKDSZupwTWjweJC6m+16QUjkzmUUKy/Y8/vc8DtDGcAcS1H+Oh0NIQ== Completed in 0ms
283 timing metavuln:calculate:security-advisory:fastify-error-page:HJbGxhvJFESFlUhroI2boYZ9p/y8+2wBNKDSZupwTWjweJC6m+16QUjkzmUUKy/Y8/vc8DtDGcAcS1H+Oh0NIQ== Completed in 633ms
284 timing auditReport:init Completed in 4163ms
285 timing reify:audit Completed in 4796ms
286 timing reify Completed in 5798ms
287 silly ADD
288 silly REMOVE node_modules/@vscode/node-addon-api
289 timing command:install Completed in 5825ms
290 verbose exit 0
291 timing npm Completed in 6007ms
292 info ok
